INFO - 2024-07-13 22:28:55 --> Session: Class initialized using 'CodeIgniter\Session\Handlers\FileHandler' driver.
INFO - 2024-07-13 22:28:55 --> Session: Class initialized using 'CodeIgniter\Session\Handlers\FileHandler' driver.
INFO - 2024-07-13 22:39:08 --> Session: Class initialized using 'CodeIgniter\Session\Handlers\FileHandler' driver.
INFO - 2024-07-13 22:39:08 --> Session: Class initialized using 'CodeIgniter\Session\Handlers\FileHandler' driver.
INFO - 2024-07-13 22:39:40 --> Session: Class initialized using 'CodeIgniter\Session\Handlers\FileHandler' driver.
INFO - 2024-07-13 22:47:21 --> Session: Class initialized using 'CodeIgniter\Session\Handlers\FileHandler' driver.
INFO - 2024-07-13 22:47:21 --> Session: Class initialized using 'CodeIgniter\Session\Handlers\FileHandler' driver.
INFO - 2024-07-13 22:49:13 --> Session: Class initialized using 'CodeIgniter\Session\Handlers\FileHandler' driver.
INFO - 2024-07-13 22:49:13 --> Session: Class initialized using 'CodeIgniter\Session\Handlers\FileHandler' driver.
INFO - 2024-07-13 22:49:45 --> Session: Class initialized using 'CodeIgniter\Session\Handlers\FileHandler' driver.
INFO - 2024-07-13 22:49:45 --> Session: Class initialized using 'CodeIgniter\Session\Handlers\FileHandler' driver.
INFO - 2024-07-13 22:51:20 --> Session: Class initialized using 'CodeIgniter\Session\Handlers\FileHandler' driver.
INFO - 2024-07-13 22:51:20 --> Session: Class initialized using 'CodeIgniter\Session\Handlers\FileHandler' driver.
INFO - 2024-07-13 22:51:37 --> Session: Class initialized using 'CodeIgniter\Session\Handlers\FileHandler' driver.
INFO - 2024-07-13 22:51:38 --> Session: Class initialized using 'CodeIgniter\Session\Handlers\FileHandler' driver.
INFO - 2024-07-13 22:58:37 --> Session: Class initialized using 'CodeIgniter\Session\Handlers\FileHandler' driver.
INFO - 2024-07-13 22:59:44 --> Session: Class initialized using 'CodeIgniter\Session\Handlers\FileHandler' driver.
INFO - 2024-07-13 23:00:54 --> Session: Class initialized using 'CodeIgniter\Session\Handlers\FileHandler' driver.
INFO - 2024-07-13 23:00:58 --> Session: Class initialized using 'CodeIgniter\Session\Handlers\FileHandler' driver.
INFO - 2024-07-13 23:02:32 --> Session: Class initialized using 'CodeIgniter\Session\Handlers\FileHandler' driver.
INFO - 2024-07-13 23:02:32 --> Cart Class Initialized
INFO - 2024-07-13 23:02:45 --> Session: Class initialized using 'CodeIgniter\Session\Handlers\FileHandler' driver.
INFO - 2024-07-13 23:03:22 --> Session: Class initialized using 'CodeIgniter\Session\Handlers\FileHandler' driver.
INFO - 2024-07-13 23:03:22 --> Cart Class Initialized
INFO - 2024-07-13 23:03:23 --> Session: Class initialized using 'CodeIgniter\Session\Handlers\FileHandler' driver.
INFO - 2024-07-13 23:08:12 --> Session: Class initialized using 'CodeIgniter\Session\Handlers\FileHandler' driver.
INFO - 2024-07-13 23:15:35 --> Session: Class initialized using 'CodeIgniter\Session\Handlers\FileHandler' driver.
INFO - 2024-07-13 23:15:41 --> Session: Class initialized using 'CodeIgniter\Session\Handlers\FileHandler' driver.
INFO - 2024-07-13 23:15:43 --> Session: Class initialized using 'CodeIgniter\Session\Handlers\FileHandler' driver.
INFO - 2024-07-13 23:15:43 --> Cart Class Initialized
INFO - 2024-07-13 23:15:43 --> Session: Class initialized using 'CodeIgniter\Session\Handlers\FileHandler' driver.
INFO - 2024-07-13 23:15:45 --> Session: Class initialized using 'CodeIgniter\Session\Handlers\FileHandler' driver.
INFO - 2024-07-13 23:15:45 --> Cart Class Initialized
INFO - 2024-07-13 23:17:44 --> Session: Class initialized using 'CodeIgniter\Session\Handlers\FileHandler' driver.
INFO - 2024-07-13 23:17:44 --> Cart Class Initialized
INFO - 2024-07-13 23:17:47 --> Session: Class initialized using 'CodeIgniter\Session\Handlers\FileHandler' driver.
INFO - 2024-07-13 23:17:49 --> Session: Class initialized using 'CodeIgniter\Session\Handlers\FileHandler' driver.
INFO - 2024-07-13 23:17:49 --> Cart Class Initialized
CRITICAL - 2024-07-13 23:17:49 --> ErrorException: Undefined variable $produk
in APPPATH/Views/v_transaksi.php on line 52.
 1 APPPATH/Views/v_transaksi.php(52): CodeIgniter\Debug\Exceptions->errorHandler(2, 'Undefined variable $produk', '/Users/aldomarcelino/Documents/Builds/codeigniter/app/Views/v_transaksi.php', 52)
 2 SYSTEMPATH/View/View.php(228): include('/Users/aldomarcelino/Documents/Builds/codeigniter/app/Views/v_transaksi.php')
 3 SYSTEMPATH/View/View.php(231): CodeIgniter\View\View->CodeIgniter\View\{closure}()
 4 SYSTEMPATH/Common.php(1178): CodeIgniter\View\View->render('v_transaksi', [], true)
 5 APPPATH/Controllers/TransaksiController.php(206): view('v_transaksi', [...])
 6 SYSTEMPATH/CodeIgniter.php(941): App\Controllers\TransaksiController->getAllTransaksi()
 7 SYSTEMPATH/CodeIgniter.php(502): CodeIgniter\CodeIgniter->runController(Object(App\Controllers\TransaksiController))
 8 SYSTEMPATH/CodeIgniter.php(361): CodeIgniter\CodeIgniter->handleRequest(null, Object(Config\Cache), false)
 9 FCPATH/index.php(79): CodeIgniter\CodeIgniter->run()
10 SYSTEMPATH/Commands/Server/rewrite.php(47): require_once('/Users/aldomarcelino/Documents/Builds/codeigniter/public/index.php')
INFO - 2024-07-13 23:18:08 --> Session: Class initialized using 'CodeIgniter\Session\Handlers\FileHandler' driver.
INFO - 2024-07-13 23:18:08 --> Cart Class Initialized
CRITICAL - 2024-07-13 23:18:08 --> ErrorException: Undefined variable $produk
in APPPATH/Views/v_transaksi.php on line 52.
 1 APPPATH/Views/v_transaksi.php(52): CodeIgniter\Debug\Exceptions->errorHandler(2, 'Undefined variable $produk', '/Users/aldomarcelino/Documents/Builds/codeigniter/app/Views/v_transaksi.php', 52)
 2 SYSTEMPATH/View/View.php(228): include('/Users/aldomarcelino/Documents/Builds/codeigniter/app/Views/v_transaksi.php')
 3 SYSTEMPATH/View/View.php(231): CodeIgniter\View\View->CodeIgniter\View\{closure}()
 4 SYSTEMPATH/Common.php(1178): CodeIgniter\View\View->render('v_transaksi', [], true)
 5 APPPATH/Controllers/TransaksiController.php(206): view('v_transaksi', [...])
 6 SYSTEMPATH/CodeIgniter.php(941): App\Controllers\TransaksiController->getAllTransaksi()
 7 SYSTEMPATH/CodeIgniter.php(502): CodeIgniter\CodeIgniter->runController(Object(App\Controllers\TransaksiController))
 8 SYSTEMPATH/CodeIgniter.php(361): CodeIgniter\CodeIgniter->handleRequest(null, Object(Config\Cache), false)
 9 FCPATH/index.php(79): CodeIgniter\CodeIgniter->run()
10 SYSTEMPATH/Commands/Server/rewrite.php(47): require_once('/Users/aldomarcelino/Documents/Builds/codeigniter/public/index.php')
INFO - 2024-07-13 23:18:09 --> Session: Class initialized using 'CodeIgniter\Session\Handlers\FileHandler' driver.
INFO - 2024-07-13 23:18:09 --> Cart Class Initialized
CRITICAL - 2024-07-13 23:18:09 --> ErrorException: Undefined variable $produk
in APPPATH/Views/v_transaksi.php on line 52.
 1 APPPATH/Views/v_transaksi.php(52): CodeIgniter\Debug\Exceptions->errorHandler(2, 'Undefined variable $produk', '/Users/aldomarcelino/Documents/Builds/codeigniter/app/Views/v_transaksi.php', 52)
 2 SYSTEMPATH/View/View.php(228): include('/Users/aldomarcelino/Documents/Builds/codeigniter/app/Views/v_transaksi.php')
 3 SYSTEMPATH/View/View.php(231): CodeIgniter\View\View->CodeIgniter\View\{closure}()
 4 SYSTEMPATH/Common.php(1178): CodeIgniter\View\View->render('v_transaksi', [], true)
 5 APPPATH/Controllers/TransaksiController.php(206): view('v_transaksi', [...])
 6 SYSTEMPATH/CodeIgniter.php(941): App\Controllers\TransaksiController->getAllTransaksi()
 7 SYSTEMPATH/CodeIgniter.php(502): CodeIgniter\CodeIgniter->runController(Object(App\Controllers\TransaksiController))
 8 SYSTEMPATH/CodeIgniter.php(361): CodeIgniter\CodeIgniter->handleRequest(null, Object(Config\Cache), false)
 9 FCPATH/index.php(79): CodeIgniter\CodeIgniter->run()
10 SYSTEMPATH/Commands/Server/rewrite.php(47): require_once('/Users/aldomarcelino/Documents/Builds/codeigniter/public/index.php')
INFO - 2024-07-13 23:18:34 --> Session: Class initialized using 'CodeIgniter\Session\Handlers\FileHandler' driver.
INFO - 2024-07-13 23:18:34 --> Cart Class Initialized
CRITICAL - 2024-07-13 23:18:34 --> ErrorException: Undefined variable $produk
in APPPATH/Views/v_transaksi.php on line 55.
 1 APPPATH/Views/v_transaksi.php(55): CodeIgniter\Debug\Exceptions->errorHandler(2, 'Undefined variable $produk', '/Users/aldomarcelino/Documents/Builds/codeigniter/app/Views/v_transaksi.php', 55)
 2 SYSTEMPATH/View/View.php(228): include('/Users/aldomarcelino/Documents/Builds/codeigniter/app/Views/v_transaksi.php')
 3 SYSTEMPATH/View/View.php(231): CodeIgniter\View\View->CodeIgniter\View\{closure}()
 4 SYSTEMPATH/Common.php(1178): CodeIgniter\View\View->render('v_transaksi', [], true)
 5 APPPATH/Controllers/TransaksiController.php(206): view('v_transaksi', [...])
 6 SYSTEMPATH/CodeIgniter.php(941): App\Controllers\TransaksiController->getAllTransaksi()
 7 SYSTEMPATH/CodeIgniter.php(502): CodeIgniter\CodeIgniter->runController(Object(App\Controllers\TransaksiController))
 8 SYSTEMPATH/CodeIgniter.php(361): CodeIgniter\CodeIgniter->handleRequest(null, Object(Config\Cache), false)
 9 FCPATH/index.php(79): CodeIgniter\CodeIgniter->run()
10 SYSTEMPATH/Commands/Server/rewrite.php(47): require_once('/Users/aldomarcelino/Documents/Builds/codeigniter/public/index.php')
INFO - 2024-07-13 23:19:12 --> Session: Class initialized using 'CodeIgniter\Session\Handlers\FileHandler' driver.
INFO - 2024-07-13 23:19:12 --> Cart Class Initialized
INFO - 2024-07-13 23:19:32 --> Session: Class initialized using 'CodeIgniter\Session\Handlers\FileHandler' driver.
INFO - 2024-07-13 23:19:32 --> Cart Class Initialized
INFO - 2024-07-13 23:21:34 --> Session: Class initialized using 'CodeIgniter\Session\Handlers\FileHandler' driver.
INFO - 2024-07-13 23:21:34 --> Cart Class Initialized
INFO - 2024-07-13 23:21:35 --> Session: Class initialized using 'CodeIgniter\Session\Handlers\FileHandler' driver.
INFO - 2024-07-13 23:21:35 --> Cart Class Initialized
INFO - 2024-07-13 23:21:36 --> Session: Class initialized using 'CodeIgniter\Session\Handlers\FileHandler' driver.
INFO - 2024-07-13 23:21:36 --> Cart Class Initialized
INFO - 2024-07-13 23:21:36 --> Session: Class initialized using 'CodeIgniter\Session\Handlers\FileHandler' driver.
INFO - 2024-07-13 23:21:36 --> Cart Class Initialized
INFO - 2024-07-13 23:21:36 --> Session: Class initialized using 'CodeIgniter\Session\Handlers\FileHandler' driver.
INFO - 2024-07-13 23:21:36 --> Cart Class Initialized
INFO - 2024-07-13 23:21:36 --> Session: Class initialized using 'CodeIgniter\Session\Handlers\FileHandler' driver.
INFO - 2024-07-13 23:21:36 --> Cart Class Initialized
INFO - 2024-07-13 23:21:36 --> Session: Class initialized using 'CodeIgniter\Session\Handlers\FileHandler' driver.
INFO - 2024-07-13 23:21:36 --> Cart Class Initialized
INFO - 2024-07-13 23:21:37 --> Session: Class initialized using 'CodeIgniter\Session\Handlers\FileHandler' driver.
INFO - 2024-07-13 23:21:37 --> Cart Class Initialized
INFO - 2024-07-13 23:22:59 --> Session: Class initialized using 'CodeIgniter\Session\Handlers\FileHandler' driver.
INFO - 2024-07-13 23:22:59 --> Cart Class Initialized
INFO - 2024-07-13 23:23:57 --> Session: Class initialized using 'CodeIgniter\Session\Handlers\FileHandler' driver.
INFO - 2024-07-13 23:23:57 --> Cart Class Initialized
INFO - 2024-07-13 23:23:58 --> Session: Class initialized using 'CodeIgniter\Session\Handlers\FileHandler' driver.
INFO - 2024-07-13 23:23:58 --> Cart Class Initialized
INFO - 2024-07-13 23:23:58 --> Session: Class initialized using 'CodeIgniter\Session\Handlers\FileHandler' driver.
INFO - 2024-07-13 23:23:58 --> Cart Class Initialized
INFO - 2024-07-13 23:23:58 --> Session: Class initialized using 'CodeIgniter\Session\Handlers\FileHandler' driver.
INFO - 2024-07-13 23:23:58 --> Cart Class Initialized
INFO - 2024-07-13 23:23:58 --> Session: Class initialized using 'CodeIgniter\Session\Handlers\FileHandler' driver.
INFO - 2024-07-13 23:23:58 --> Cart Class Initialized
INFO - 2024-07-13 23:24:05 --> Session: Class initialized using 'CodeIgniter\Session\Handlers\FileHandler' driver.
INFO - 2024-07-13 23:24:07 --> Session: Class initialized using 'CodeIgniter\Session\Handlers\FileHandler' driver.
INFO - 2024-07-13 23:24:07 --> Cart Class Initialized
INFO - 2024-07-13 23:24:11 --> Session: Class initialized using 'CodeIgniter\Session\Handlers\FileHandler' driver.
INFO - 2024-07-13 23:24:13 --> Session: Class initialized using 'CodeIgniter\Session\Handlers\FileHandler' driver.
INFO - 2024-07-13 23:24:13 --> Cart Class Initialized
INFO - 2024-07-13 23:25:30 --> Session: Class initialized using 'CodeIgniter\Session\Handlers\FileHandler' driver.
INFO - 2024-07-13 23:25:30 --> Cart Class Initialized
INFO - 2024-07-13 23:25:31 --> Session: Class initialized using 'CodeIgniter\Session\Handlers\FileHandler' driver.
INFO - 2024-07-13 23:25:31 --> Cart Class Initialized
INFO - 2024-07-13 23:25:32 --> Session: Class initialized using 'CodeIgniter\Session\Handlers\FileHandler' driver.
INFO - 2024-07-13 23:25:32 --> Cart Class Initialized
INFO - 2024-07-13 23:25:32 --> Session: Class initialized using 'CodeIgniter\Session\Handlers\FileHandler' driver.
INFO - 2024-07-13 23:25:32 --> Cart Class Initialized
INFO - 2024-07-13 23:25:47 --> Session: Class initialized using 'CodeIgniter\Session\Handlers\FileHandler' driver.
INFO - 2024-07-13 23:25:47 --> Cart Class Initialized
INFO - 2024-07-13 23:25:48 --> Session: Class initialized using 'CodeIgniter\Session\Handlers\FileHandler' driver.
INFO - 2024-07-13 23:25:48 --> Cart Class Initialized
INFO - 2024-07-13 23:25:48 --> Session: Class initialized using 'CodeIgniter\Session\Handlers\FileHandler' driver.
INFO - 2024-07-13 23:25:48 --> Cart Class Initialized
INFO - 2024-07-13 23:25:48 --> Session: Class initialized using 'CodeIgniter\Session\Handlers\FileHandler' driver.
INFO - 2024-07-13 23:25:48 --> Cart Class Initialized
INFO - 2024-07-13 23:26:24 --> Session: Class initialized using 'CodeIgniter\Session\Handlers\FileHandler' driver.
INFO - 2024-07-13 23:26:26 --> Session: Class initialized using 'CodeIgniter\Session\Handlers\FileHandler' driver.
INFO - 2024-07-13 23:26:26 --> Cart Class Initialized
INFO - 2024-07-13 23:26:29 --> Session: Class initialized using 'CodeIgniter\Session\Handlers\FileHandler' driver.
INFO - 2024-07-13 23:26:29 --> Cart Class Initialized
INFO - 2024-07-13 23:26:31 --> Session: Class initialized using 'CodeIgniter\Session\Handlers\FileHandler' driver.
INFO - 2024-07-13 23:26:35 --> Session: Class initialized using 'CodeIgniter\Session\Handlers\FileHandler' driver.
INFO - 2024-07-13 23:26:40 --> Session: Class initialized using 'CodeIgniter\Session\Handlers\FileHandler' driver.
INFO - 2024-07-13 23:26:43 --> Session: Class initialized using 'CodeIgniter\Session\Handlers\FileHandler' driver.
INFO - 2024-07-13 23:26:43 --> Cart Class Initialized
INFO - 2024-07-13 23:26:52 --> Session: Class initialized using 'CodeIgniter\Session\Handlers\FileHandler' driver.
INFO - 2024-07-13 23:26:52 --> Cart Class Initialized
INFO - 2024-07-13 23:26:58 --> Session: Class initialized using 'CodeIgniter\Session\Handlers\FileHandler' driver.
INFO - 2024-07-13 23:26:58 --> Cart Class Initialized
INFO - 2024-07-13 23:26:59 --> Session: Class initialized using 'CodeIgniter\Session\Handlers\FileHandler' driver.
INFO - 2024-07-13 23:27:00 --> Session: Class initialized using 'CodeIgniter\Session\Handlers\FileHandler' driver.
INFO - 2024-07-13 23:27:01 --> Session: Class initialized using 'CodeIgniter\Session\Handlers\FileHandler' driver.
INFO - 2024-07-13 23:27:01 --> Cart Class Initialized
INFO - 2024-07-13 23:27:03 --> Session: Class initialized using 'CodeIgniter\Session\Handlers\FileHandler' driver.
INFO - 2024-07-13 23:27:03 --> Cart Class Initialized
INFO - 2024-07-13 23:27:04 --> Session: Class initialized using 'CodeIgniter\Session\Handlers\FileHandler' driver.
INFO - 2024-07-13 23:27:04 --> Cart Class Initialized
INFO - 2024-07-13 23:27:59 --> Session: Class initialized using 'CodeIgniter\Session\Handlers\FileHandler' driver.
INFO - 2024-07-13 23:27:59 --> Cart Class Initialized
INFO - 2024-07-13 23:28:21 --> Session: Class initialized using 'CodeIgniter\Session\Handlers\FileHandler' driver.
INFO - 2024-07-13 23:28:21 --> Cart Class Initialized
INFO - 2024-07-13 23:32:09 --> Session: Class initialized using 'CodeIgniter\Session\Handlers\FileHandler' driver.
INFO - 2024-07-13 23:32:09 --> Cart Class Initialized
INFO - 2024-07-13 23:38:29 --> Session: Class initialized using 'CodeIgniter\Session\Handlers\FileHandler' driver.
INFO - 2024-07-13 23:38:29 --> Cart Class Initialized
INFO - 2024-07-13 23:38:37 --> Session: Class initialized using 'CodeIgniter\Session\Handlers\FileHandler' driver.
INFO - 2024-07-13 23:38:37 --> Cart Class Initialized
INFO - 2024-07-13 23:38:37 --> Session: Class initialized using 'CodeIgniter\Session\Handlers\FileHandler' driver.
INFO - 2024-07-13 23:38:37 --> Cart Class Initialized
INFO - 2024-07-13 23:38:46 --> Session: Class initialized using 'CodeIgniter\Session\Handlers\FileHandler' driver.
INFO - 2024-07-13 23:38:46 --> Cart Class Initialized
INFO - 2024-07-13 23:38:47 --> Session: Class initialized using 'CodeIgniter\Session\Handlers\FileHandler' driver.
INFO - 2024-07-13 23:38:47 --> Cart Class Initialized
INFO - 2024-07-13 23:39:00 --> Session: Class initialized using 'CodeIgniter\Session\Handlers\FileHandler' driver.
INFO - 2024-07-13 23:39:00 --> Cart Class Initialized
INFO - 2024-07-13 23:39:04 --> Session: Class initialized using 'CodeIgniter\Session\Handlers\FileHandler' driver.
INFO - 2024-07-13 23:39:04 --> Cart Class Initialized
INFO - 2024-07-13 23:39:04 --> Session: Class initialized using 'CodeIgniter\Session\Handlers\FileHandler' driver.
INFO - 2024-07-13 23:39:04 --> Cart Class Initialized
INFO - 2024-07-13 23:39:19 --> Session: Class initialized using 'CodeIgniter\Session\Handlers\FileHandler' driver.
INFO - 2024-07-13 23:39:19 --> Cart Class Initialized
INFO - 2024-07-13 23:39:19 --> Session: Class initialized using 'CodeIgniter\Session\Handlers\FileHandler' driver.
INFO - 2024-07-13 23:39:19 --> Cart Class Initialized
INFO - 2024-07-13 23:53:48 --> Session: Class initialized using 'CodeIgniter\Session\Handlers\FileHandler' driver.
INFO - 2024-07-13 23:53:48 --> Cart Class Initialized
INFO - 2024-07-13 23:53:50 --> Session: Class initialized using 'CodeIgniter\Session\Handlers\FileHandler' driver.
INFO - 2024-07-13 23:53:50 --> Cart Class Initialized
CRITICAL - 2024-07-13 23:53:50 --> ErrorException: Undefined variable $path
in APPPATH/Views/v_transaksiPDF.php on line 16.
 1 APPPATH/Views/v_transaksiPDF.php(16): CodeIgniter\Debug\Exceptions->errorHandler(2, 'Undefined variable $path', '/Users/aldomarcelino/Documents/Builds/codeigniter/app/Views/v_transaksiPDF.php', 16)
 2 SYSTEMPATH/View/View.php(228): include('/Users/aldomarcelino/Documents/Builds/codeigniter/app/Views/v_transaksiPDF.php')
 3 SYSTEMPATH/View/View.php(231): CodeIgniter\View\View->CodeIgniter\View\{closure}()
 4 SYSTEMPATH/Common.php(1178): CodeIgniter\View\View->render('v_transaksiPDF', [], true)
 5 APPPATH/Controllers/TransaksiController.php(235): view('v_transaksiPDF', [...])
 6 SYSTEMPATH/CodeIgniter.php(941): App\Controllers\TransaksiController->download()
 7 SYSTEMPATH/CodeIgniter.php(502): CodeIgniter\CodeIgniter->runController(Object(App\Controllers\TransaksiController))
 8 SYSTEMPATH/CodeIgniter.php(361): CodeIgniter\CodeIgniter->handleRequest(null, Object(Config\Cache), false)
 9 FCPATH/index.php(79): CodeIgniter\CodeIgniter->run()
10 SYSTEMPATH/Commands/Server/rewrite.php(47): require_once('/Users/aldomarcelino/Documents/Builds/codeigniter/public/index.php')
INFO - 2024-07-13 23:54:08 --> Session: Class initialized using 'CodeIgniter\Session\Handlers\FileHandler' driver.
INFO - 2024-07-13 23:54:08 --> Cart Class Initialized
CRITICAL - 2024-07-13 23:54:08 --> Error: Class "App\Controllers\Dompdf" not found
in APPPATH/Controllers/TransaksiController.php on line 240.
 1 SYSTEMPATH/CodeIgniter.php(941): App\Controllers\TransaksiController->download()
 2 SYSTEMPATH/CodeIgniter.php(502): CodeIgniter\CodeIgniter->runController(Object(App\Controllers\TransaksiController))
 3 SYSTEMPATH/CodeIgniter.php(361): CodeIgniter\CodeIgniter->handleRequest(null, Object(Config\Cache), false)
 4 FCPATH/index.php(79): CodeIgniter\CodeIgniter->run()
 5 SYSTEMPATH/Commands/Server/rewrite.php(47): require_once('/Users/aldomarcelino/Documents/Builds/codeigniter/public/index.php')
INFO - 2024-07-13 23:54:38 --> Session: Class initialized using 'CodeIgniter\Session\Handlers\FileHandler' driver.
INFO - 2024-07-13 23:54:38 --> Cart Class Initialized
INFO - 2024-07-13 23:54:40 --> Session: Class initialized using 'CodeIgniter\Session\Handlers\FileHandler' driver.
INFO - 2024-07-13 23:54:40 --> Cart Class Initialized
INFO - 2024-07-13 23:54:42 --> Session: Class initialized using 'CodeIgniter\Session\Handlers\FileHandler' driver.
INFO - 2024-07-13 23:54:42 --> Cart Class Initialized
INFO - 2024-07-13 23:54:43 --> Session: Class initialized using 'CodeIgniter\Session\Handlers\FileHandler' driver.
INFO - 2024-07-13 23:54:43 --> Cart Class Initialized
INFO - 2024-07-13 23:54:56 --> Session: Class initialized using 'CodeIgniter\Session\Handlers\FileHandler' driver.
INFO - 2024-07-13 23:54:56 --> Cart Class Initialized
INFO - 2024-07-13 23:55:56 --> Session: Class initialized using 'CodeIgniter\Session\Handlers\FileHandler' driver.
INFO - 2024-07-13 23:55:56 --> Session: Class initialized using 'CodeIgniter\Session\Handlers\FileHandler' driver.
INFO - 2024-07-13 23:56:01 --> Session: Class initialized using 'CodeIgniter\Session\Handlers\FileHandler' driver.
INFO - 2024-07-13 23:56:01 --> Session: Class initialized using 'CodeIgniter\Session\Handlers\FileHandler' driver.
INFO - 2024-07-13 23:56:05 --> Session: Class initialized using 'CodeIgniter\Session\Handlers\FileHandler' driver.
INFO - 2024-07-13 23:56:05 --> Cart Class Initialized
INFO - 2024-07-13 23:56:07 --> Session: Class initialized using 'CodeIgniter\Session\Handlers\FileHandler' driver.
INFO - 2024-07-13 23:56:08 --> Session: Class initialized using 'CodeIgniter\Session\Handlers\FileHandler' driver.
INFO - 2024-07-13 23:56:08 --> Cart Class Initialized
INFO - 2024-07-13 23:56:11 --> Session: Class initialized using 'CodeIgniter\Session\Handlers\FileHandler' driver.
INFO - 2024-07-13 23:56:12 --> Session: Class initialized using 'CodeIgniter\Session\Handlers\FileHandler' driver.
INFO - 2024-07-13 23:56:13 --> Session: Class initialized using 'CodeIgniter\Session\Handlers\FileHandler' driver.
INFO - 2024-07-13 23:56:13 --> Cart Class Initialized
INFO - 2024-07-13 23:56:14 --> Session: Class initialized using 'CodeIgniter\Session\Handlers\FileHandler' driver.
INFO - 2024-07-13 23:56:16 --> Session: Class initialized using 'CodeIgniter\Session\Handlers\FileHandler' driver.
INFO - 2024-07-13 23:56:16 --> Cart Class Initialized
INFO - 2024-07-13 23:56:16 --> Session: Class initialized using 'CodeIgniter\Session\Handlers\FileHandler' driver.
INFO - 2024-07-13 23:56:17 --> Session: Class initialized using 'CodeIgniter\Session\Handlers\FileHandler' driver.
INFO - 2024-07-13 23:56:17 --> Cart Class Initialized
INFO - 2024-07-13 23:56:22 --> Session: Class initialized using 'CodeIgniter\Session\Handlers\FileHandler' driver.
INFO - 2024-07-13 23:56:22 --> Cart Class Initialized
INFO - 2024-07-13 23:57:12 --> Session: Class initialized using 'CodeIgniter\Session\Handlers\FileHandler' driver.
INFO - 2024-07-13 23:57:12 --> Cart Class Initialized
INFO - 2024-07-13 23:57:28 --> Session: Class initialized using 'CodeIgniter\Session\Handlers\FileHandler' driver.
INFO - 2024-07-13 23:57:28 --> Cart Class Initialized
INFO - 2024-07-13 23:57:33 --> Session: Class initialized using 'CodeIgniter\Session\Handlers\FileHandler' driver.
INFO - 2024-07-13 23:57:33 --> Cart Class Initialized
INFO - 2024-07-13 23:57:39 --> Session: Class initialized using 'CodeIgniter\Session\Handlers\FileHandler' driver.
INFO - 2024-07-13 23:57:39 --> Cart Class Initialized
INFO - 2024-07-13 23:57:39 --> Session: Class initialized using 'CodeIgniter\Session\Handlers\FileHandler' driver.
INFO - 2024-07-13 23:58:13 --> Session: Class initialized using 'CodeIgniter\Session\Handlers\FileHandler' driver.
INFO - 2024-07-13 23:58:13 --> Cart Class Initialized
INFO - 2024-07-13 23:58:14 --> Session: Class initialized using 'CodeIgniter\Session\Handlers\FileHandler' driver.
INFO - 2024-07-13 23:58:17 --> Session: Class initialized using 'CodeIgniter\Session\Handlers\FileHandler' driver.
INFO - 2024-07-13 23:58:17 --> Cart Class Initialized
INFO - 2024-07-13 23:58:17 --> Session: Class initialized using 'CodeIgniter\Session\Handlers\FileHandler' driver.
INFO - 2024-07-13 23:58:21 --> Session: Class initialized using 'CodeIgniter\Session\Handlers\FileHandler' driver.
INFO - 2024-07-13 23:58:21 --> Cart Class Initialized
INFO - 2024-07-13 23:58:23 --> Session: Class initialized using 'CodeIgniter\Session\Handlers\FileHandler' driver.
INFO - 2024-07-13 23:58:23 --> Cart Class Initialized
INFO - 2024-07-13 23:58:37 --> Session: Class initialized using 'CodeIgniter\Session\Handlers\FileHandler' driver.
INFO - 2024-07-13 23:58:37 --> Cart Class Initialized
INFO - 2024-07-13 23:58:41 --> Session: Class initialized using 'CodeIgniter\Session\Handlers\FileHandler' driver.
INFO - 2024-07-13 23:58:41 --> Cart Class Initialized
INFO - 2024-07-13 23:58:47 --> Session: Class initialized using 'CodeIgniter\Session\Handlers\FileHandler' driver.
INFO - 2024-07-13 23:58:47 --> Cart Class Initialized
INFO - 2024-07-13 23:58:47 --> Session: Class initialized using 'CodeIgniter\Session\Handlers\FileHandler' driver.
INFO - 2024-07-13 23:58:59 --> Session: Class initialized using 'CodeIgniter\Session\Handlers\FileHandler' driver.
INFO - 2024-07-13 23:58:59 --> Session: Class initialized using 'CodeIgniter\Session\Handlers\FileHandler' driver.
INFO - 2024-07-13 23:59:08 --> Session: Class initialized using 'CodeIgniter\Session\Handlers\FileHandler' driver.
INFO - 2024-07-13 23:59:08 --> Session: Class initialized using 'CodeIgniter\Session\Handlers\FileHandler' driver.
INFO - 2024-07-13 23:59:10 --> Session: Class initialized using 'CodeIgniter\Session\Handlers\FileHandler' driver.
INFO - 2024-07-13 23:59:16 --> Session: Class initialized using 'CodeIgniter\Session\Handlers\FileHandler' driver.
INFO - 2024-07-13 23:59:16 --> Cart Class Initialized
INFO - 2024-07-13 23:59:54 --> Session: Class initialized using 'CodeIgniter\Session\Handlers\FileHandler' driver.
INFO - 2024-07-13 23:59:54 --> Cart Class Initialized
INFO - 2024-07-13 23:59:54 --> Session: Class initialized using 'CodeIgniter\Session\Handlers\FileHandler' driver.
INFO - 2024-07-13 23:59:54 --> Cart Class Initialized
