INFO - 2024-06-27 02:23:32 --> Session: Class initialized using 'CodeIgniter\Session\Handlers\FileHandler' driver.
INFO - 2024-06-27 02:23:32 --> Session: Class initialized using 'CodeIgniter\Session\Handlers\FileHandler' driver.
INFO - 2024-06-27 02:23:34 --> Session: Class initialized using 'CodeIgniter\Session\Handlers\FileHandler' driver.
INFO - 2024-06-27 02:24:36 --> Session: Class initialized using 'CodeIgniter\Session\Handlers\FileHandler' driver.
INFO - 2024-06-27 02:24:43 --> Session: Class initialized using 'CodeIgniter\Session\Handlers\FileHandler' driver.
INFO - 2024-06-27 02:24:43 --> Session: Class initialized using 'CodeIgniter\Session\Handlers\FileHandler' driver.
INFO - 2024-06-27 02:24:48 --> Session: Class initialized using 'CodeIgniter\Session\Handlers\FileHandler' driver.
ERROR - 2024-06-27 02:32:22 --> Error connecting to the database: mysqli_sql_exception: No such file or directory in /Users/aldomarcelino/Documents/Builds/codeigniter/vendor/codeigniter4/framework/system/Database/MySQLi/Connection.php:184
Stack trace:
#0 /Users/aldomarcelino/Documents/Builds/codeigniter/vendor/codeigniter4/framework/system/Database/MySQLi/Connection.php(184): mysqli->real_connect('localhost', '', Object(SensitiveParameterValue), '', 3306, '', 0)
#1 /Users/aldomarcelino/Documents/Builds/codeigniter/vendor/codeigniter4/framework/system/Database/BaseConnection.php(392): CodeIgniter\Database\MySQLi\Connection->connect(false)
#2 /Users/aldomarcelino/Documents/Builds/codeigniter/vendor/codeigniter4/framework/system/Database/BaseConnection.php(575): CodeIgniter\Database\BaseConnection->initialize()
#3 /Users/aldomarcelino/Documents/Builds/codeigniter/vendor/codeigniter4/framework/system/Database/BaseBuilder.php(1616): CodeIgniter\Database\BaseConnection->query('SELECT *\nFROM `...', Array, false)
#4 /Users/aldomarcelino/Documents/Builds/codeigniter/vendor/codeigniter4/framework/system/Model.php(242): CodeIgniter\Database\BaseBuilder->get()
#5 /Users/aldomarcelino/Documents/Builds/codeigniter/vendor/codeigniter4/framework/system/BaseModel.php(638): CodeIgniter\Model->doFindAll(0, 0)
#6 /Users/aldomarcelino/Documents/Builds/codeigniter/app/Controllers/Home.php(20): CodeIgniter\BaseModel->findAll()
#7 /Users/aldomarcelino/Documents/Builds/codeigniter/vendor/codeigniter4/framework/system/CodeIgniter.php(941): App\Controllers\Home->index()
#8 /Users/aldomarcelino/Documents/Builds/codeigniter/vendor/codeigniter4/framework/system/CodeIgniter.php(502): CodeIgniter\CodeIgniter->runController(Object(App\Controllers\Home))
#9 /Users/aldomarcelino/Documents/Builds/codeigniter/vendor/codeigniter4/framework/system/CodeIgniter.php(361): CodeIgniter\CodeIgniter->handleRequest(NULL, Object(Config\Cache), false)
#10 /Users/aldomarcelino/Documents/Builds/codeigniter/public/index.php(79): CodeIgniter\CodeIgniter->run()
#11 /Users/aldomarcelino/Documents/Builds/codeigniter/vendor/codeigniter4/framework/system/Commands/Server/rewrite.php(47): require_once('/Users/aldomarc...')
#12 {main}

Next CodeIgniter\Database\Exceptions\DatabaseException: No such file or directory in /Users/aldomarcelino/Documents/Builds/codeigniter/vendor/codeigniter4/framework/system/Database/MySQLi/Connection.php:229
Stack trace:
#0 /Users/aldomarcelino/Documents/Builds/codeigniter/vendor/codeigniter4/framework/system/Database/BaseConnection.php(392): CodeIgniter\Database\MySQLi\Connection->connect(false)
#1 /Users/aldomarcelino/Documents/Builds/codeigniter/vendor/codeigniter4/framework/system/Database/BaseConnection.php(575): CodeIgniter\Database\BaseConnection->initialize()
#2 /Users/aldomarcelino/Documents/Builds/codeigniter/vendor/codeigniter4/framework/system/Database/BaseBuilder.php(1616): CodeIgniter\Database\BaseConnection->query('SELECT *\nFROM `...', Array, false)
#3 /Users/aldomarcelino/Documents/Builds/codeigniter/vendor/codeigniter4/framework/system/Model.php(242): CodeIgniter\Database\BaseBuilder->get()
#4 /Users/aldomarcelino/Documents/Builds/codeigniter/vendor/codeigniter4/framework/system/BaseModel.php(638): CodeIgniter\Model->doFindAll(0, 0)
#5 /Users/aldomarcelino/Documents/Builds/codeigniter/app/Controllers/Home.php(20): CodeIgniter\BaseModel->findAll()
#6 /Users/aldomarcelino/Documents/Builds/codeigniter/vendor/codeigniter4/framework/system/CodeIgniter.php(941): App\Controllers\Home->index()
#7 /Users/aldomarcelino/Documents/Builds/codeigniter/vendor/codeigniter4/framework/system/CodeIgniter.php(502): CodeIgniter\CodeIgniter->runController(Object(App\Controllers\Home))
#8 /Users/aldomarcelino/Documents/Builds/codeigniter/vendor/codeigniter4/framework/system/CodeIgniter.php(361): CodeIgniter\CodeIgniter->handleRequest(NULL, Object(Config\Cache), false)
#9 /Users/aldomarcelino/Documents/Builds/codeigniter/public/index.php(79): CodeIgniter\CodeIgniter->run()
#10 /Users/aldomarcelino/Documents/Builds/codeigniter/vendor/codeigniter4/framework/system/Commands/Server/rewrite.php(47): require_once('/Users/aldomarc...')
#11 {main}
CRITICAL - 2024-06-27 02:32:22 --> CodeIgniter\Database\Exceptions\DatabaseException: Unable to connect to the database.
Main connection [MySQLi]: No such file or directory
in SYSTEMPATH/Database/BaseConnection.php on line 428.
 1 SYSTEMPATH/Database/BaseConnection.php(575): CodeIgniter\Database\BaseConnection->initialize()
 2 SYSTEMPATH/Database/BaseBuilder.php(1616): CodeIgniter\Database\BaseConnection->query('SELECT *
FROM `product`', [], false)
 3 SYSTEMPATH/Model.php(242): CodeIgniter\Database\BaseBuilder->get()
 4 SYSTEMPATH/BaseModel.php(638): CodeIgniter\Model->doFindAll(0, 0)
 5 APPPATH/Controllers/Home.php(20): CodeIgniter\BaseModel->findAll()
 6 SYSTEMPATH/CodeIgniter.php(941): App\Controllers\Home->index()
 7 SYSTEMPATH/CodeIgniter.php(502): CodeIgniter\CodeIgniter->runController(Object(App\Controllers\Home))
 8 SYSTEMPATH/CodeIgniter.php(361): CodeIgniter\CodeIgniter->handleRequest(null, Object(Config\Cache), false)
 9 FCPATH/index.php(79): CodeIgniter\CodeIgniter->run()
10 SYSTEMPATH/Commands/Server/rewrite.php(47): require_once('/Users/aldomarcelino/Documents/Builds/codeigniter/public/index.php')
ERROR - 2024-06-27 02:32:26 --> Error connecting to the database: mysqli_sql_exception: No such file or directory in /Users/aldomarcelino/Documents/Builds/codeigniter/vendor/codeigniter4/framework/system/Database/MySQLi/Connection.php:184
Stack trace:
#0 /Users/aldomarcelino/Documents/Builds/codeigniter/vendor/codeigniter4/framework/system/Database/MySQLi/Connection.php(184): mysqli->real_connect('localhost', '', Object(SensitiveParameterValue), '', 3306, '', 0)
#1 /Users/aldomarcelino/Documents/Builds/codeigniter/vendor/codeigniter4/framework/system/Database/BaseConnection.php(392): CodeIgniter\Database\MySQLi\Connection->connect(false)
#2 /Users/aldomarcelino/Documents/Builds/codeigniter/vendor/codeigniter4/framework/system/Database/BaseConnection.php(575): CodeIgniter\Database\BaseConnection->initialize()
#3 /Users/aldomarcelino/Documents/Builds/codeigniter/vendor/codeigniter4/framework/system/Database/BaseBuilder.php(1616): CodeIgniter\Database\BaseConnection->query('SELECT *\nFROM `...', Array, false)
#4 /Users/aldomarcelino/Documents/Builds/codeigniter/vendor/codeigniter4/framework/system/Model.php(242): CodeIgniter\Database\BaseBuilder->get()
#5 /Users/aldomarcelino/Documents/Builds/codeigniter/vendor/codeigniter4/framework/system/BaseModel.php(638): CodeIgniter\Model->doFindAll(0, 0)
#6 /Users/aldomarcelino/Documents/Builds/codeigniter/app/Controllers/Home.php(20): CodeIgniter\BaseModel->findAll()
#7 /Users/aldomarcelino/Documents/Builds/codeigniter/vendor/codeigniter4/framework/system/CodeIgniter.php(941): App\Controllers\Home->index()
#8 /Users/aldomarcelino/Documents/Builds/codeigniter/vendor/codeigniter4/framework/system/CodeIgniter.php(502): CodeIgniter\CodeIgniter->runController(Object(App\Controllers\Home))
#9 /Users/aldomarcelino/Documents/Builds/codeigniter/vendor/codeigniter4/framework/system/CodeIgniter.php(361): CodeIgniter\CodeIgniter->handleRequest(NULL, Object(Config\Cache), false)
#10 /Users/aldomarcelino/Documents/Builds/codeigniter/public/index.php(79): CodeIgniter\CodeIgniter->run()
#11 /Users/aldomarcelino/Documents/Builds/codeigniter/vendor/codeigniter4/framework/system/Commands/Server/rewrite.php(47): require_once('/Users/aldomarc...')
#12 {main}

Next CodeIgniter\Database\Exceptions\DatabaseException: No such file or directory in /Users/aldomarcelino/Documents/Builds/codeigniter/vendor/codeigniter4/framework/system/Database/MySQLi/Connection.php:229
Stack trace:
#0 /Users/aldomarcelino/Documents/Builds/codeigniter/vendor/codeigniter4/framework/system/Database/BaseConnection.php(392): CodeIgniter\Database\MySQLi\Connection->connect(false)
#1 /Users/aldomarcelino/Documents/Builds/codeigniter/vendor/codeigniter4/framework/system/Database/BaseConnection.php(575): CodeIgniter\Database\BaseConnection->initialize()
#2 /Users/aldomarcelino/Documents/Builds/codeigniter/vendor/codeigniter4/framework/system/Database/BaseBuilder.php(1616): CodeIgniter\Database\BaseConnection->query('SELECT *\nFROM `...', Array, false)
#3 /Users/aldomarcelino/Documents/Builds/codeigniter/vendor/codeigniter4/framework/system/Model.php(242): CodeIgniter\Database\BaseBuilder->get()
#4 /Users/aldomarcelino/Documents/Builds/codeigniter/vendor/codeigniter4/framework/system/BaseModel.php(638): CodeIgniter\Model->doFindAll(0, 0)
#5 /Users/aldomarcelino/Documents/Builds/codeigniter/app/Controllers/Home.php(20): CodeIgniter\BaseModel->findAll()
#6 /Users/aldomarcelino/Documents/Builds/codeigniter/vendor/codeigniter4/framework/system/CodeIgniter.php(941): App\Controllers\Home->index()
#7 /Users/aldomarcelino/Documents/Builds/codeigniter/vendor/codeigniter4/framework/system/CodeIgniter.php(502): CodeIgniter\CodeIgniter->runController(Object(App\Controllers\Home))
#8 /Users/aldomarcelino/Documents/Builds/codeigniter/vendor/codeigniter4/framework/system/CodeIgniter.php(361): CodeIgniter\CodeIgniter->handleRequest(NULL, Object(Config\Cache), false)
#9 /Users/aldomarcelino/Documents/Builds/codeigniter/public/index.php(79): CodeIgniter\CodeIgniter->run()
#10 /Users/aldomarcelino/Documents/Builds/codeigniter/vendor/codeigniter4/framework/system/Commands/Server/rewrite.php(47): require_once('/Users/aldomarc...')
#11 {main}
CRITICAL - 2024-06-27 02:32:26 --> CodeIgniter\Database\Exceptions\DatabaseException: Unable to connect to the database.
Main connection [MySQLi]: No such file or directory
in SYSTEMPATH/Database/BaseConnection.php on line 428.
 1 SYSTEMPATH/Database/BaseConnection.php(575): CodeIgniter\Database\BaseConnection->initialize()
 2 SYSTEMPATH/Database/BaseBuilder.php(1616): CodeIgniter\Database\BaseConnection->query('SELECT *
FROM `product`', [], false)
 3 SYSTEMPATH/Model.php(242): CodeIgniter\Database\BaseBuilder->get()
 4 SYSTEMPATH/BaseModel.php(638): CodeIgniter\Model->doFindAll(0, 0)
 5 APPPATH/Controllers/Home.php(20): CodeIgniter\BaseModel->findAll()
 6 SYSTEMPATH/CodeIgniter.php(941): App\Controllers\Home->index()
 7 SYSTEMPATH/CodeIgniter.php(502): CodeIgniter\CodeIgniter->runController(Object(App\Controllers\Home))
 8 SYSTEMPATH/CodeIgniter.php(361): CodeIgniter\CodeIgniter->handleRequest(null, Object(Config\Cache), false)
 9 FCPATH/index.php(79): CodeIgniter\CodeIgniter->run()
10 SYSTEMPATH/Commands/Server/rewrite.php(47): require_once('/Users/aldomarcelino/Documents/Builds/codeigniter/public/index.php')
ERROR - 2024-06-27 02:32:26 --> Error connecting to the database: mysqli_sql_exception: No such file or directory in /Users/aldomarcelino/Documents/Builds/codeigniter/vendor/codeigniter4/framework/system/Database/MySQLi/Connection.php:184
Stack trace:
#0 /Users/aldomarcelino/Documents/Builds/codeigniter/vendor/codeigniter4/framework/system/Database/MySQLi/Connection.php(184): mysqli->real_connect('localhost', '', Object(SensitiveParameterValue), '', 3306, '', 0)
#1 /Users/aldomarcelino/Documents/Builds/codeigniter/vendor/codeigniter4/framework/system/Database/BaseConnection.php(392): CodeIgniter\Database\MySQLi\Connection->connect(false)
#2 /Users/aldomarcelino/Documents/Builds/codeigniter/vendor/codeigniter4/framework/system/Database/BaseConnection.php(575): CodeIgniter\Database\BaseConnection->initialize()
#3 /Users/aldomarcelino/Documents/Builds/codeigniter/vendor/codeigniter4/framework/system/Database/BaseBuilder.php(1616): CodeIgniter\Database\BaseConnection->query('SELECT *\nFROM `...', Array, false)
#4 /Users/aldomarcelino/Documents/Builds/codeigniter/vendor/codeigniter4/framework/system/Model.php(242): CodeIgniter\Database\BaseBuilder->get()
#5 /Users/aldomarcelino/Documents/Builds/codeigniter/vendor/codeigniter4/framework/system/BaseModel.php(638): CodeIgniter\Model->doFindAll(0, 0)
#6 /Users/aldomarcelino/Documents/Builds/codeigniter/app/Controllers/Home.php(20): CodeIgniter\BaseModel->findAll()
#7 /Users/aldomarcelino/Documents/Builds/codeigniter/vendor/codeigniter4/framework/system/CodeIgniter.php(941): App\Controllers\Home->index()
#8 /Users/aldomarcelino/Documents/Builds/codeigniter/vendor/codeigniter4/framework/system/CodeIgniter.php(502): CodeIgniter\CodeIgniter->runController(Object(App\Controllers\Home))
#9 /Users/aldomarcelino/Documents/Builds/codeigniter/vendor/codeigniter4/framework/system/CodeIgniter.php(361): CodeIgniter\CodeIgniter->handleRequest(NULL, Object(Config\Cache), false)
#10 /Users/aldomarcelino/Documents/Builds/codeigniter/public/index.php(79): CodeIgniter\CodeIgniter->run()
#11 /Users/aldomarcelino/Documents/Builds/codeigniter/vendor/codeigniter4/framework/system/Commands/Server/rewrite.php(47): require_once('/Users/aldomarc...')
#12 {main}

Next CodeIgniter\Database\Exceptions\DatabaseException: No such file or directory in /Users/aldomarcelino/Documents/Builds/codeigniter/vendor/codeigniter4/framework/system/Database/MySQLi/Connection.php:229
Stack trace:
#0 /Users/aldomarcelino/Documents/Builds/codeigniter/vendor/codeigniter4/framework/system/Database/BaseConnection.php(392): CodeIgniter\Database\MySQLi\Connection->connect(false)
#1 /Users/aldomarcelino/Documents/Builds/codeigniter/vendor/codeigniter4/framework/system/Database/BaseConnection.php(575): CodeIgniter\Database\BaseConnection->initialize()
#2 /Users/aldomarcelino/Documents/Builds/codeigniter/vendor/codeigniter4/framework/system/Database/BaseBuilder.php(1616): CodeIgniter\Database\BaseConnection->query('SELECT *\nFROM `...', Array, false)
#3 /Users/aldomarcelino/Documents/Builds/codeigniter/vendor/codeigniter4/framework/system/Model.php(242): CodeIgniter\Database\BaseBuilder->get()
#4 /Users/aldomarcelino/Documents/Builds/codeigniter/vendor/codeigniter4/framework/system/BaseModel.php(638): CodeIgniter\Model->doFindAll(0, 0)
#5 /Users/aldomarcelino/Documents/Builds/codeigniter/app/Controllers/Home.php(20): CodeIgniter\BaseModel->findAll()
#6 /Users/aldomarcelino/Documents/Builds/codeigniter/vendor/codeigniter4/framework/system/CodeIgniter.php(941): App\Controllers\Home->index()
#7 /Users/aldomarcelino/Documents/Builds/codeigniter/vendor/codeigniter4/framework/system/CodeIgniter.php(502): CodeIgniter\CodeIgniter->runController(Object(App\Controllers\Home))
#8 /Users/aldomarcelino/Documents/Builds/codeigniter/vendor/codeigniter4/framework/system/CodeIgniter.php(361): CodeIgniter\CodeIgniter->handleRequest(NULL, Object(Config\Cache), false)
#9 /Users/aldomarcelino/Documents/Builds/codeigniter/public/index.php(79): CodeIgniter\CodeIgniter->run()
#10 /Users/aldomarcelino/Documents/Builds/codeigniter/vendor/codeigniter4/framework/system/Commands/Server/rewrite.php(47): require_once('/Users/aldomarc...')
#11 {main}
CRITICAL - 2024-06-27 02:32:26 --> CodeIgniter\Database\Exceptions\DatabaseException: Unable to connect to the database.
Main connection [MySQLi]: No such file or directory
in SYSTEMPATH/Database/BaseConnection.php on line 428.
 1 SYSTEMPATH/Database/BaseConnection.php(575): CodeIgniter\Database\BaseConnection->initialize()
 2 SYSTEMPATH/Database/BaseBuilder.php(1616): CodeIgniter\Database\BaseConnection->query('SELECT *
FROM `product`', [], false)
 3 SYSTEMPATH/Model.php(242): CodeIgniter\Database\BaseBuilder->get()
 4 SYSTEMPATH/BaseModel.php(638): CodeIgniter\Model->doFindAll(0, 0)
 5 APPPATH/Controllers/Home.php(20): CodeIgniter\BaseModel->findAll()
 6 SYSTEMPATH/CodeIgniter.php(941): App\Controllers\Home->index()
 7 SYSTEMPATH/CodeIgniter.php(502): CodeIgniter\CodeIgniter->runController(Object(App\Controllers\Home))
 8 SYSTEMPATH/CodeIgniter.php(361): CodeIgniter\CodeIgniter->handleRequest(null, Object(Config\Cache), false)
 9 FCPATH/index.php(79): CodeIgniter\CodeIgniter->run()
10 SYSTEMPATH/Commands/Server/rewrite.php(47): require_once('/Users/aldomarcelino/Documents/Builds/codeigniter/public/index.php')
ERROR - 2024-06-27 02:32:27 --> Error connecting to the database: mysqli_sql_exception: No such file or directory in /Users/aldomarcelino/Documents/Builds/codeigniter/vendor/codeigniter4/framework/system/Database/MySQLi/Connection.php:184
Stack trace:
#0 /Users/aldomarcelino/Documents/Builds/codeigniter/vendor/codeigniter4/framework/system/Database/MySQLi/Connection.php(184): mysqli->real_connect('localhost', '', Object(SensitiveParameterValue), '', 3306, '', 0)
#1 /Users/aldomarcelino/Documents/Builds/codeigniter/vendor/codeigniter4/framework/system/Database/BaseConnection.php(392): CodeIgniter\Database\MySQLi\Connection->connect(false)
#2 /Users/aldomarcelino/Documents/Builds/codeigniter/vendor/codeigniter4/framework/system/Database/BaseConnection.php(575): CodeIgniter\Database\BaseConnection->initialize()
#3 /Users/aldomarcelino/Documents/Builds/codeigniter/vendor/codeigniter4/framework/system/Database/BaseBuilder.php(1616): CodeIgniter\Database\BaseConnection->query('SELECT *\nFROM `...', Array, false)
#4 /Users/aldomarcelino/Documents/Builds/codeigniter/vendor/codeigniter4/framework/system/Model.php(242): CodeIgniter\Database\BaseBuilder->get()
#5 /Users/aldomarcelino/Documents/Builds/codeigniter/vendor/codeigniter4/framework/system/BaseModel.php(638): CodeIgniter\Model->doFindAll(0, 0)
#6 /Users/aldomarcelino/Documents/Builds/codeigniter/app/Controllers/Home.php(20): CodeIgniter\BaseModel->findAll()
#7 /Users/aldomarcelino/Documents/Builds/codeigniter/vendor/codeigniter4/framework/system/CodeIgniter.php(941): App\Controllers\Home->index()
#8 /Users/aldomarcelino/Documents/Builds/codeigniter/vendor/codeigniter4/framework/system/CodeIgniter.php(502): CodeIgniter\CodeIgniter->runController(Object(App\Controllers\Home))
#9 /Users/aldomarcelino/Documents/Builds/codeigniter/vendor/codeigniter4/framework/system/CodeIgniter.php(361): CodeIgniter\CodeIgniter->handleRequest(NULL, Object(Config\Cache), false)
#10 /Users/aldomarcelino/Documents/Builds/codeigniter/public/index.php(79): CodeIgniter\CodeIgniter->run()
#11 /Users/aldomarcelino/Documents/Builds/codeigniter/vendor/codeigniter4/framework/system/Commands/Server/rewrite.php(47): require_once('/Users/aldomarc...')
#12 {main}

Next CodeIgniter\Database\Exceptions\DatabaseException: No such file or directory in /Users/aldomarcelino/Documents/Builds/codeigniter/vendor/codeigniter4/framework/system/Database/MySQLi/Connection.php:229
Stack trace:
#0 /Users/aldomarcelino/Documents/Builds/codeigniter/vendor/codeigniter4/framework/system/Database/BaseConnection.php(392): CodeIgniter\Database\MySQLi\Connection->connect(false)
#1 /Users/aldomarcelino/Documents/Builds/codeigniter/vendor/codeigniter4/framework/system/Database/BaseConnection.php(575): CodeIgniter\Database\BaseConnection->initialize()
#2 /Users/aldomarcelino/Documents/Builds/codeigniter/vendor/codeigniter4/framework/system/Database/BaseBuilder.php(1616): CodeIgniter\Database\BaseConnection->query('SELECT *\nFROM `...', Array, false)
#3 /Users/aldomarcelino/Documents/Builds/codeigniter/vendor/codeigniter4/framework/system/Model.php(242): CodeIgniter\Database\BaseBuilder->get()
#4 /Users/aldomarcelino/Documents/Builds/codeigniter/vendor/codeigniter4/framework/system/BaseModel.php(638): CodeIgniter\Model->doFindAll(0, 0)
#5 /Users/aldomarcelino/Documents/Builds/codeigniter/app/Controllers/Home.php(20): CodeIgniter\BaseModel->findAll()
#6 /Users/aldomarcelino/Documents/Builds/codeigniter/vendor/codeigniter4/framework/system/CodeIgniter.php(941): App\Controllers\Home->index()
#7 /Users/aldomarcelino/Documents/Builds/codeigniter/vendor/codeigniter4/framework/system/CodeIgniter.php(502): CodeIgniter\CodeIgniter->runController(Object(App\Controllers\Home))
#8 /Users/aldomarcelino/Documents/Builds/codeigniter/vendor/codeigniter4/framework/system/CodeIgniter.php(361): CodeIgniter\CodeIgniter->handleRequest(NULL, Object(Config\Cache), false)
#9 /Users/aldomarcelino/Documents/Builds/codeigniter/public/index.php(79): CodeIgniter\CodeIgniter->run()
#10 /Users/aldomarcelino/Documents/Builds/codeigniter/vendor/codeigniter4/framework/system/Commands/Server/rewrite.php(47): require_once('/Users/aldomarc...')
#11 {main}
CRITICAL - 2024-06-27 02:32:27 --> CodeIgniter\Database\Exceptions\DatabaseException: Unable to connect to the database.
Main connection [MySQLi]: No such file or directory
in SYSTEMPATH/Database/BaseConnection.php on line 428.
 1 SYSTEMPATH/Database/BaseConnection.php(575): CodeIgniter\Database\BaseConnection->initialize()
 2 SYSTEMPATH/Database/BaseBuilder.php(1616): CodeIgniter\Database\BaseConnection->query('SELECT *
FROM `product`', [], false)
 3 SYSTEMPATH/Model.php(242): CodeIgniter\Database\BaseBuilder->get()
 4 SYSTEMPATH/BaseModel.php(638): CodeIgniter\Model->doFindAll(0, 0)
 5 APPPATH/Controllers/Home.php(20): CodeIgniter\BaseModel->findAll()
 6 SYSTEMPATH/CodeIgniter.php(941): App\Controllers\Home->index()
 7 SYSTEMPATH/CodeIgniter.php(502): CodeIgniter\CodeIgniter->runController(Object(App\Controllers\Home))
 8 SYSTEMPATH/CodeIgniter.php(361): CodeIgniter\CodeIgniter->handleRequest(null, Object(Config\Cache), false)
 9 FCPATH/index.php(79): CodeIgniter\CodeIgniter->run()
10 SYSTEMPATH/Commands/Server/rewrite.php(47): require_once('/Users/aldomarcelino/Documents/Builds/codeigniter/public/index.php')
INFO - 2024-06-27 02:32:58 --> Session: Class initialized using 'CodeIgniter\Session\Handlers\FileHandler' driver.
INFO - 2024-06-27 02:33:05 --> Session: Class initialized using 'CodeIgniter\Session\Handlers\FileHandler' driver.
INFO - 2024-06-27 02:33:07 --> Session: Class initialized using 'CodeIgniter\Session\Handlers\FileHandler' driver.
INFO - 2024-06-27 02:51:02 --> Session: Class initialized using 'CodeIgniter\Session\Handlers\FileHandler' driver.
INFO - 2024-06-27 02:51:18 --> Session: Class initialized using 'CodeIgniter\Session\Handlers\FileHandler' driver.
INFO - 2024-06-27 02:51:18 --> Session: Class initialized using 'CodeIgniter\Session\Handlers\FileHandler' driver.
INFO - 2024-06-27 02:51:24 --> Session: Class initialized using 'CodeIgniter\Session\Handlers\FileHandler' driver.
INFO - 2024-06-27 02:51:24 --> Session: Class initialized using 'CodeIgniter\Session\Handlers\FileHandler' driver.
INFO - 2024-06-27 02:51:26 --> Session: Class initialized using 'CodeIgniter\Session\Handlers\FileHandler' driver.
INFO - 2024-06-27 02:51:26 --> Cart Class Initialized
INFO - 2024-06-27 02:51:27 --> Session: Class initialized using 'CodeIgniter\Session\Handlers\FileHandler' driver.
INFO - 2024-06-27 02:51:32 --> Session: Class initialized using 'CodeIgniter\Session\Handlers\FileHandler' driver.
INFO - 2024-06-27 02:51:32 --> Cart Class Initialized
INFO - 2024-06-27 02:51:36 --> Session: Class initialized using 'CodeIgniter\Session\Handlers\FileHandler' driver.
INFO - 2024-06-27 02:51:38 --> Session: Class initialized using 'CodeIgniter\Session\Handlers\FileHandler' driver.
INFO - 2024-06-27 02:51:38 --> Cart Class Initialized
INFO - 2024-06-27 02:51:38 --> Session: Class initialized using 'CodeIgniter\Session\Handlers\FileHandler' driver.
INFO - 2024-06-27 02:51:42 --> Session: Class initialized using 'CodeIgniter\Session\Handlers\FileHandler' driver.
INFO - 2024-06-27 02:51:42 --> Cart Class Initialized
INFO - 2024-06-27 03:03:10 --> Session: Class initialized using 'CodeIgniter\Session\Handlers\FileHandler' driver.
INFO - 2024-06-27 03:03:13 --> Session: Class initialized using 'CodeIgniter\Session\Handlers\FileHandler' driver.
INFO - 2024-06-27 03:03:17 --> Session: Class initialized using 'CodeIgniter\Session\Handlers\FileHandler' driver.
INFO - 2024-06-27 03:03:50 --> Session: Class initialized using 'CodeIgniter\Session\Handlers\FileHandler' driver.
INFO - 2024-06-27 03:06:09 --> Session: Class initialized using 'CodeIgniter\Session\Handlers\FileHandler' driver.
INFO - 2024-06-27 03:06:10 --> Session: Class initialized using 'CodeIgniter\Session\Handlers\FileHandler' driver.
INFO - 2024-06-27 03:06:10 --> Session: Class initialized using 'CodeIgniter\Session\Handlers\FileHandler' driver.
INFO - 2024-06-27 03:06:11 --> Session: Class initialized using 'CodeIgniter\Session\Handlers\FileHandler' driver.
INFO - 2024-06-27 03:06:12 --> Session: Class initialized using 'CodeIgniter\Session\Handlers\FileHandler' driver.
INFO - 2024-06-27 03:06:12 --> Cart Class Initialized
INFO - 2024-06-27 03:06:13 --> Session: Class initialized using 'CodeIgniter\Session\Handlers\FileHandler' driver.
INFO - 2024-06-27 03:06:14 --> Session: Class initialized using 'CodeIgniter\Session\Handlers\FileHandler' driver.
INFO - 2024-06-27 03:06:14 --> Cart Class Initialized
INFO - 2024-06-27 03:06:15 --> Session: Class initialized using 'CodeIgniter\Session\Handlers\FileHandler' driver.
INFO - 2024-06-27 03:06:16 --> Session: Class initialized using 'CodeIgniter\Session\Handlers\FileHandler' driver.
INFO - 2024-06-27 03:06:17 --> Session: Class initialized using 'CodeIgniter\Session\Handlers\FileHandler' driver.
INFO - 2024-06-27 03:06:17 --> Session: Class initialized using 'CodeIgniter\Session\Handlers\FileHandler' driver.
INFO - 2024-06-27 03:06:18 --> Session: Class initialized using 'CodeIgniter\Session\Handlers\FileHandler' driver.
INFO - 2024-06-27 03:06:18 --> Session: Class initialized using 'CodeIgniter\Session\Handlers\FileHandler' driver.
INFO - 2024-06-27 06:12:24 --> Session: Class initialized using 'CodeIgniter\Session\Handlers\FileHandler' driver.
INFO - 2024-06-27 06:12:24 --> Session: Class initialized using 'CodeIgniter\Session\Handlers\FileHandler' driver.
INFO - 2024-06-27 07:32:08 --> Session: Class initialized using 'CodeIgniter\Session\Handlers\FileHandler' driver.
INFO - 2024-06-27 07:32:10 --> Session: Class initialized using 'CodeIgniter\Session\Handlers\FileHandler' driver.
INFO - 2024-06-27 07:32:11 --> Session: Class initialized using 'CodeIgniter\Session\Handlers\FileHandler' driver.
INFO - 2024-06-27 07:32:33 --> Session: Class initialized using 'CodeIgniter\Session\Handlers\FileHandler' driver.
INFO - 2024-06-27 07:32:39 --> Session: Class initialized using 'CodeIgniter\Session\Handlers\FileHandler' driver.
INFO - 2024-06-27 07:32:45 --> Session: Class initialized using 'CodeIgniter\Session\Handlers\FileHandler' driver.
INFO - 2024-06-27 07:32:46 --> Session: Class initialized using 'CodeIgniter\Session\Handlers\FileHandler' driver.
INFO - 2024-06-27 07:32:47 --> Session: Class initialized using 'CodeIgniter\Session\Handlers\FileHandler' driver.
INFO - 2024-06-27 07:32:47 --> Session: Class initialized using 'CodeIgniter\Session\Handlers\FileHandler' driver.
INFO - 2024-06-27 07:32:55 --> Session: Class initialized using 'CodeIgniter\Session\Handlers\FileHandler' driver.
INFO - 2024-06-27 07:32:58 --> Session: Class initialized using 'CodeIgniter\Session\Handlers\FileHandler' driver.
INFO - 2024-06-27 07:32:58 --> Cart Class Initialized
INFO - 2024-06-27 07:33:00 --> Session: Class initialized using 'CodeIgniter\Session\Handlers\FileHandler' driver.
INFO - 2024-06-27 07:34:27 --> Session: Class initialized using 'CodeIgniter\Session\Handlers\FileHandler' driver.
INFO - 2024-06-27 07:34:29 --> Session: Class initialized using 'CodeIgniter\Session\Handlers\FileHandler' driver.
INFO - 2024-06-27 07:34:31 --> Session: Class initialized using 'CodeIgniter\Session\Handlers\FileHandler' driver.
INFO - 2024-06-27 07:34:32 --> Session: Class initialized using 'CodeIgniter\Session\Handlers\FileHandler' driver.
INFO - 2024-06-27 07:34:36 --> Session: Class initialized using 'CodeIgniter\Session\Handlers\FileHandler' driver.
INFO - 2024-06-27 07:34:36 --> Cart Class Initialized
INFO - 2024-06-27 07:34:39 --> Session: Class initialized using 'CodeIgniter\Session\Handlers\FileHandler' driver.
INFO - 2024-06-27 07:34:41 --> Session: Class initialized using 'CodeIgniter\Session\Handlers\FileHandler' driver.
INFO - 2024-06-27 07:34:41 --> Cart Class Initialized
INFO - 2024-06-27 07:34:41 --> Session: Class initialized using 'CodeIgniter\Session\Handlers\FileHandler' driver.
INFO - 2024-06-27 07:34:42 --> Session: Class initialized using 'CodeIgniter\Session\Handlers\FileHandler' driver.
INFO - 2024-06-27 07:34:50 --> Session: Class initialized using 'CodeIgniter\Session\Handlers\FileHandler' driver.
INFO - 2024-06-27 07:34:50 --> Cart Class Initialized
INFO - 2024-06-27 07:35:06 --> Session: Class initialized using 'CodeIgniter\Session\Handlers\FileHandler' driver.
INFO - 2024-06-27 07:35:13 --> Session: Class initialized using 'CodeIgniter\Session\Handlers\FileHandler' driver.
INFO - 2024-06-27 07:35:14 --> Session: Class initialized using 'CodeIgniter\Session\Handlers\FileHandler' driver.
INFO - 2024-06-27 07:35:18 --> Session: Class initialized using 'CodeIgniter\Session\Handlers\FileHandler' driver.
INFO - 2024-06-27 07:35:18 --> Cart Class Initialized
INFO - 2024-06-27 07:41:07 --> Session: Class initialized using 'CodeIgniter\Session\Handlers\FileHandler' driver.
INFO - 2024-06-27 07:41:07 --> Cart Class Initialized
INFO - 2024-06-27 07:41:08 --> Session: Class initialized using 'CodeIgniter\Session\Handlers\FileHandler' driver.
INFO - 2024-06-27 07:41:08 --> Cart Class Initialized
INFO - 2024-06-27 07:41:09 --> Session: Class initialized using 'CodeIgniter\Session\Handlers\FileHandler' driver.
INFO - 2024-06-27 07:41:09 --> Cart Class Initialized
INFO - 2024-06-27 07:41:17 --> Session: Class initialized using 'CodeIgniter\Session\Handlers\FileHandler' driver.
INFO - 2024-06-27 07:41:17 --> Cart Class Initialized
INFO - 2024-06-27 07:41:20 --> Session: Class initialized using 'CodeIgniter\Session\Handlers\FileHandler' driver.
INFO - 2024-06-27 07:41:20 --> Cart Class Initialized
INFO - 2024-06-27 07:41:26 --> Session: Class initialized using 'CodeIgniter\Session\Handlers\FileHandler' driver.
INFO - 2024-06-27 07:41:26 --> Cart Class Initialized
INFO - 2024-06-27 07:41:26 --> Session: Class initialized using 'CodeIgniter\Session\Handlers\FileHandler' driver.
CRITICAL - 2024-06-27 07:41:26 --> ErrorException: Undefined property: App\Controllers\Home::$transaction
in APPPATH/Controllers/Home.php on line 36.
 1 APPPATH/Controllers/Home.php(36): CodeIgniter\Debug\Exceptions->errorHandler(2, 'Undefined property: App\\Controllers\\Home::$transaction', '/Users/aldomarcelino/Documents/Builds/codeigniter/app/Controllers/Home.php', 36)
 2 SYSTEMPATH/CodeIgniter.php(941): App\Controllers\Home->profile()
 3 SYSTEMPATH/CodeIgniter.php(502): CodeIgniter\CodeIgniter->runController(Object(App\Controllers\Home))
 4 SYSTEMPATH/CodeIgniter.php(361): CodeIgniter\CodeIgniter->handleRequest(null, Object(Config\Cache), false)
 5 FCPATH/index.php(79): CodeIgniter\CodeIgniter->run()
 6 SYSTEMPATH/Commands/Server/rewrite.php(47): require_once('/Users/aldomarcelino/Documents/Builds/codeigniter/public/index.php')
INFO - 2024-06-27 07:42:43 --> Session: Class initialized using 'CodeIgniter\Session\Handlers\FileHandler' driver.
CRITICAL - 2024-06-27 07:42:43 --> ErrorException: Undefined property: App\Controllers\Home::$transaction
in APPPATH/Controllers/Home.php on line 38.
 1 APPPATH/Controllers/Home.php(38): CodeIgniter\Debug\Exceptions->errorHandler(2, 'Undefined property: App\\Controllers\\Home::$transaction', '/Users/aldomarcelino/Documents/Builds/codeigniter/app/Controllers/Home.php', 38)
 2 SYSTEMPATH/CodeIgniter.php(941): App\Controllers\Home->profile()
 3 SYSTEMPATH/CodeIgniter.php(502): CodeIgniter\CodeIgniter->runController(Object(App\Controllers\Home))
 4 SYSTEMPATH/CodeIgniter.php(361): CodeIgniter\CodeIgniter->handleRequest(null, Object(Config\Cache), false)
 5 FCPATH/index.php(79): CodeIgniter\CodeIgniter->run()
 6 SYSTEMPATH/Commands/Server/rewrite.php(47): require_once('/Users/aldomarcelino/Documents/Builds/codeigniter/public/index.php')
INFO - 2024-06-27 07:42:44 --> Session: Class initialized using 'CodeIgniter\Session\Handlers\FileHandler' driver.
CRITICAL - 2024-06-27 07:42:44 --> ErrorException: Undefined property: App\Controllers\Home::$transaction
in APPPATH/Controllers/Home.php on line 38.
 1 APPPATH/Controllers/Home.php(38): CodeIgniter\Debug\Exceptions->errorHandler(2, 'Undefined property: App\\Controllers\\Home::$transaction', '/Users/aldomarcelino/Documents/Builds/codeigniter/app/Controllers/Home.php', 38)
 2 SYSTEMPATH/CodeIgniter.php(941): App\Controllers\Home->profile()
 3 SYSTEMPATH/CodeIgniter.php(502): CodeIgniter\CodeIgniter->runController(Object(App\Controllers\Home))
 4 SYSTEMPATH/CodeIgniter.php(361): CodeIgniter\CodeIgniter->handleRequest(null, Object(Config\Cache), false)
 5 FCPATH/index.php(79): CodeIgniter\CodeIgniter->run()
 6 SYSTEMPATH/Commands/Server/rewrite.php(47): require_once('/Users/aldomarcelino/Documents/Builds/codeigniter/public/index.php')
INFO - 2024-06-27 07:42:45 --> Session: Class initialized using 'CodeIgniter\Session\Handlers\FileHandler' driver.
CRITICAL - 2024-06-27 07:42:45 --> ErrorException: Undefined property: App\Controllers\Home::$transaction
in APPPATH/Controllers/Home.php on line 38.
 1 APPPATH/Controllers/Home.php(38): CodeIgniter\Debug\Exceptions->errorHandler(2, 'Undefined property: App\\Controllers\\Home::$transaction', '/Users/aldomarcelino/Documents/Builds/codeigniter/app/Controllers/Home.php', 38)
 2 SYSTEMPATH/CodeIgniter.php(941): App\Controllers\Home->profile()
 3 SYSTEMPATH/CodeIgniter.php(502): CodeIgniter\CodeIgniter->runController(Object(App\Controllers\Home))
 4 SYSTEMPATH/CodeIgniter.php(361): CodeIgniter\CodeIgniter->handleRequest(null, Object(Config\Cache), false)
 5 FCPATH/index.php(79): CodeIgniter\CodeIgniter->run()
 6 SYSTEMPATH/Commands/Server/rewrite.php(47): require_once('/Users/aldomarcelino/Documents/Builds/codeigniter/public/index.php')
INFO - 2024-06-27 07:42:45 --> Session: Class initialized using 'CodeIgniter\Session\Handlers\FileHandler' driver.
CRITICAL - 2024-06-27 07:42:45 --> ErrorException: Undefined property: App\Controllers\Home::$transaction
in APPPATH/Controllers/Home.php on line 38.
 1 APPPATH/Controllers/Home.php(38): CodeIgniter\Debug\Exceptions->errorHandler(2, 'Undefined property: App\\Controllers\\Home::$transaction', '/Users/aldomarcelino/Documents/Builds/codeigniter/app/Controllers/Home.php', 38)
 2 SYSTEMPATH/CodeIgniter.php(941): App\Controllers\Home->profile()
 3 SYSTEMPATH/CodeIgniter.php(502): CodeIgniter\CodeIgniter->runController(Object(App\Controllers\Home))
 4 SYSTEMPATH/CodeIgniter.php(361): CodeIgniter\CodeIgniter->handleRequest(null, Object(Config\Cache), false)
 5 FCPATH/index.php(79): CodeIgniter\CodeIgniter->run()
 6 SYSTEMPATH/Commands/Server/rewrite.php(47): require_once('/Users/aldomarcelino/Documents/Builds/codeigniter/public/index.php')
INFO - 2024-06-27 07:42:45 --> Session: Class initialized using 'CodeIgniter\Session\Handlers\FileHandler' driver.
CRITICAL - 2024-06-27 07:42:45 --> ErrorException: Undefined property: App\Controllers\Home::$transaction
in APPPATH/Controllers/Home.php on line 38.
 1 APPPATH/Controllers/Home.php(38): CodeIgniter\Debug\Exceptions->errorHandler(2, 'Undefined property: App\\Controllers\\Home::$transaction', '/Users/aldomarcelino/Documents/Builds/codeigniter/app/Controllers/Home.php', 38)
 2 SYSTEMPATH/CodeIgniter.php(941): App\Controllers\Home->profile()
 3 SYSTEMPATH/CodeIgniter.php(502): CodeIgniter\CodeIgniter->runController(Object(App\Controllers\Home))
 4 SYSTEMPATH/CodeIgniter.php(361): CodeIgniter\CodeIgniter->handleRequest(null, Object(Config\Cache), false)
 5 FCPATH/index.php(79): CodeIgniter\CodeIgniter->run()
 6 SYSTEMPATH/Commands/Server/rewrite.php(47): require_once('/Users/aldomarcelino/Documents/Builds/codeigniter/public/index.php')
INFO - 2024-06-27 07:47:27 --> Session: Class initialized using 'CodeIgniter\Session\Handlers\FileHandler' driver.
INFO - 2024-06-27 07:47:30 --> Session: Class initialized using 'CodeIgniter\Session\Handlers\FileHandler' driver.
INFO - 2024-06-27 07:50:32 --> Session: Class initialized using 'CodeIgniter\Session\Handlers\FileHandler' driver.
INFO - 2024-06-27 07:50:33 --> Session: Class initialized using 'CodeIgniter\Session\Handlers\FileHandler' driver.
INFO - 2024-06-27 07:50:52 --> Session: Class initialized using 'CodeIgniter\Session\Handlers\FileHandler' driver.
INFO - 2024-06-27 07:50:52 --> Session: Class initialized using 'CodeIgniter\Session\Handlers\FileHandler' driver.
INFO - 2024-06-27 07:50:59 --> Session: Class initialized using 'CodeIgniter\Session\Handlers\FileHandler' driver.
INFO - 2024-06-27 07:50:59 --> Session: Class initialized using 'CodeIgniter\Session\Handlers\FileHandler' driver.
INFO - 2024-06-27 07:53:22 --> Session: Class initialized using 'CodeIgniter\Session\Handlers\FileHandler' driver.
INFO - 2024-06-27 07:56:51 --> Session: Class initialized using 'CodeIgniter\Session\Handlers\FileHandler' driver.
INFO - 2024-06-27 07:56:53 --> Session: Class initialized using 'CodeIgniter\Session\Handlers\FileHandler' driver.
INFO - 2024-06-27 07:56:54 --> Session: Class initialized using 'CodeIgniter\Session\Handlers\FileHandler' driver.
INFO - 2024-06-27 07:56:56 --> Session: Class initialized using 'CodeIgniter\Session\Handlers\FileHandler' driver.
INFO - 2024-06-27 07:56:59 --> Session: Class initialized using 'CodeIgniter\Session\Handlers\FileHandler' driver.
INFO - 2024-06-27 07:57:05 --> Session: Class initialized using 'CodeIgniter\Session\Handlers\FileHandler' driver.
INFO - 2024-06-27 07:57:46 --> Session: Class initialized using 'CodeIgniter\Session\Handlers\FileHandler' driver.
INFO - 2024-06-27 07:57:47 --> Session: Class initialized using 'CodeIgniter\Session\Handlers\FileHandler' driver.
INFO - 2024-06-27 07:58:11 --> Session: Class initialized using 'CodeIgniter\Session\Handlers\FileHandler' driver.
INFO - 2024-06-27 07:58:11 --> Cart Class Initialized
INFO - 2024-06-27 07:58:12 --> Session: Class initialized using 'CodeIgniter\Session\Handlers\FileHandler' driver.
INFO - 2024-06-27 07:58:18 --> Session: Class initialized using 'CodeIgniter\Session\Handlers\FileHandler' driver.
INFO - 2024-06-27 08:01:25 --> Session: Class initialized using 'CodeIgniter\Session\Handlers\FileHandler' driver.
INFO - 2024-06-27 08:01:41 --> Session: Class initialized using 'CodeIgniter\Session\Handlers\FileHandler' driver.
INFO - 2024-06-27 08:01:42 --> Session: Class initialized using 'CodeIgniter\Session\Handlers\FileHandler' driver.
INFO - 2024-06-27 08:39:40 --> Session: Class initialized using 'CodeIgniter\Session\Handlers\FileHandler' driver.
INFO - 2024-06-27 08:41:01 --> Session: Class initialized using 'CodeIgniter\Session\Handlers\FileHandler' driver.
INFO - 2024-06-27 08:41:16 --> Session: Class initialized using 'CodeIgniter\Session\Handlers\FileHandler' driver.
INFO - 2024-06-27 08:41:17 --> Session: Class initialized using 'CodeIgniter\Session\Handlers\FileHandler' driver.
INFO - 2024-06-27 09:03:54 --> Session: Class initialized using 'CodeIgniter\Session\Handlers\FileHandler' driver.
INFO - 2024-06-27 09:03:54 --> Session: Class initialized using 'CodeIgniter\Session\Handlers\FileHandler' driver.
INFO - 2024-06-27 09:03:54 --> Session: Class initialized using 'CodeIgniter\Session\Handlers\FileHandler' driver.
INFO - 2024-06-27 09:03:54 --> Session: Class initialized using 'CodeIgniter\Session\Handlers\FileHandler' driver.
INFO - 2024-06-27 09:04:24 --> Session: Class initialized using 'CodeIgniter\Session\Handlers\FileHandler' driver.
INFO - 2024-06-27 09:04:52 --> Session: Class initialized using 'CodeIgniter\Session\Handlers\FileHandler' driver.
INFO - 2024-06-27 09:05:03 --> Session: Class initialized using 'CodeIgniter\Session\Handlers\FileHandler' driver.
