INFO - 2024-07-04 06:02:25 --> Session: Class initialized using 'CodeIgniter\Session\Handlers\FileHandler' driver.
INFO - 2024-07-04 06:02:25 --> Session: Class initialized using 'CodeIgniter\Session\Handlers\FileHandler' driver.
INFO - 2024-07-04 06:02:53 --> Session: Class initialized using 'CodeIgniter\Session\Handlers\FileHandler' driver.
INFO - 2024-07-04 06:02:53 --> Session: Class initialized using 'CodeIgniter\Session\Handlers\FileHandler' driver.
INFO - 2024-07-04 06:11:00 --> Session: Class initialized using 'CodeIgniter\Session\Handlers\FileHandler' driver.
INFO - 2024-07-04 06:11:01 --> Session: Class initialized using 'CodeIgniter\Session\Handlers\FileHandler' driver.
INFO - 2024-07-04 06:11:02 --> Session: Class initialized using 'CodeIgniter\Session\Handlers\FileHandler' driver.
INFO - 2024-07-04 06:37:55 --> Session: Class initialized using 'CodeIgniter\Session\Handlers\FileHandler' driver.
INFO - 2024-07-04 06:37:55 --> Cart Class Initialized
INFO - 2024-07-04 06:37:57 --> Session: Class initialized using 'CodeIgniter\Session\Handlers\FileHandler' driver.
INFO - 2024-07-04 06:38:00 --> Session: Class initialized using 'CodeIgniter\Session\Handlers\FileHandler' driver.
INFO - 2024-07-04 06:38:00 --> Cart Class Initialized
INFO - 2024-07-04 06:38:00 --> Session: Class initialized using 'CodeIgniter\Session\Handlers\FileHandler' driver.
INFO - 2024-07-04 06:38:02 --> Session: Class initialized using 'CodeIgniter\Session\Handlers\FileHandler' driver.
INFO - 2024-07-04 06:38:02 --> Cart Class Initialized
INFO - 2024-07-04 06:38:02 --> Session: Class initialized using 'CodeIgniter\Session\Handlers\FileHandler' driver.
INFO - 2024-07-04 06:38:08 --> Session: Class initialized using 'CodeIgniter\Session\Handlers\FileHandler' driver.
INFO - 2024-07-04 06:38:08 --> Cart Class Initialized
INFO - 2024-07-04 06:38:12 --> Session: Class initialized using 'CodeIgniter\Session\Handlers\FileHandler' driver.
INFO - 2024-07-04 06:38:12 --> Cart Class Initialized
INFO - 2024-07-04 06:38:21 --> Session: Class initialized using 'CodeIgniter\Session\Handlers\FileHandler' driver.
INFO - 2024-07-04 06:38:21 --> Cart Class Initialized
INFO - 2024-07-04 06:38:26 --> Session: Class initialized using 'CodeIgniter\Session\Handlers\FileHandler' driver.
INFO - 2024-07-04 06:38:26 --> Cart Class Initialized
INFO - 2024-07-04 06:38:33 --> Session: Class initialized using 'CodeIgniter\Session\Handlers\FileHandler' driver.
INFO - 2024-07-04 06:38:33 --> Cart Class Initialized
INFO - 2024-07-04 06:38:33 --> Session: Class initialized using 'CodeIgniter\Session\Handlers\FileHandler' driver.
INFO - 2024-07-04 06:38:46 --> Session: Class initialized using 'CodeIgniter\Session\Handlers\FileHandler' driver.
INFO - 2024-07-04 06:38:49 --> Session: Class initialized using 'CodeIgniter\Session\Handlers\FileHandler' driver.
INFO - 2024-07-04 06:38:49 --> Cart Class Initialized
INFO - 2024-07-04 06:38:49 --> Session: Class initialized using 'CodeIgniter\Session\Handlers\FileHandler' driver.
INFO - 2024-07-04 06:38:51 --> Session: Class initialized using 'CodeIgniter\Session\Handlers\FileHandler' driver.
INFO - 2024-07-04 06:38:51 --> Cart Class Initialized
INFO - 2024-07-04 06:38:54 --> Session: Class initialized using 'CodeIgniter\Session\Handlers\FileHandler' driver.
INFO - 2024-07-04 06:38:54 --> Cart Class Initialized
INFO - 2024-07-04 06:39:11 --> Session: Class initialized using 'CodeIgniter\Session\Handlers\FileHandler' driver.
INFO - 2024-07-04 06:39:11 --> Cart Class Initialized
INFO - 2024-07-04 06:39:15 --> Session: Class initialized using 'CodeIgniter\Session\Handlers\FileHandler' driver.
INFO - 2024-07-04 06:39:15 --> Cart Class Initialized
INFO - 2024-07-04 06:39:21 --> Session: Class initialized using 'CodeIgniter\Session\Handlers\FileHandler' driver.
INFO - 2024-07-04 06:39:21 --> Cart Class Initialized
INFO - 2024-07-04 06:39:21 --> Session: Class initialized using 'CodeIgniter\Session\Handlers\FileHandler' driver.
CRITICAL - 2024-07-04 06:47:33 --> ErrorException: Array to string conversion
in APPPATH/Controllers/ApiController.php on line 135.
 1 APPPATH/Controllers/ApiController.php(135): CodeIgniter\Debug\Exceptions->errorHandler(2, 'Array to string conversion', '/Users/aldomarcelino/Documents/Builds/codeigniter/app/Controllers/ApiController.php', 135)
 2 SYSTEMPATH/CodeIgniter.php(941): App\Controllers\ApiController->monthly()
 3 SYSTEMPATH/CodeIgniter.php(502): CodeIgniter\CodeIgniter->runController(Object(App\Controllers\ApiController))
 4 SYSTEMPATH/CodeIgniter.php(361): CodeIgniter\CodeIgniter->handleRequest(null, Object(Config\Cache), false)
 5 FCPATH/index.php(79): CodeIgniter\CodeIgniter->run()
 6 SYSTEMPATH/Commands/Server/rewrite.php(47): require_once('/Users/aldomarcelino/Documents/Builds/codeigniter/public/index.php')
CRITICAL - 2024-07-04 06:47:34 --> ErrorException: Array to string conversion
in APPPATH/Controllers/ApiController.php on line 135.
 1 APPPATH/Controllers/ApiController.php(135): CodeIgniter\Debug\Exceptions->errorHandler(2, 'Array to string conversion', '/Users/aldomarcelino/Documents/Builds/codeigniter/app/Controllers/ApiController.php', 135)
 2 SYSTEMPATH/CodeIgniter.php(941): App\Controllers\ApiController->monthly()
 3 SYSTEMPATH/CodeIgniter.php(502): CodeIgniter\CodeIgniter->runController(Object(App\Controllers\ApiController))
 4 SYSTEMPATH/CodeIgniter.php(361): CodeIgniter\CodeIgniter->handleRequest(null, Object(Config\Cache), false)
 5 FCPATH/index.php(79): CodeIgniter\CodeIgniter->run()
 6 SYSTEMPATH/Commands/Server/rewrite.php(47): require_once('/Users/aldomarcelino/Documents/Builds/codeigniter/public/index.php')
CRITICAL - 2024-07-04 06:47:35 --> ErrorException: Array to string conversion
in APPPATH/Controllers/ApiController.php on line 135.
 1 APPPATH/Controllers/ApiController.php(135): CodeIgniter\Debug\Exceptions->errorHandler(2, 'Array to string conversion', '/Users/aldomarcelino/Documents/Builds/codeigniter/app/Controllers/ApiController.php', 135)
 2 SYSTEMPATH/CodeIgniter.php(941): App\Controllers\ApiController->monthly()
 3 SYSTEMPATH/CodeIgniter.php(502): CodeIgniter\CodeIgniter->runController(Object(App\Controllers\ApiController))
 4 SYSTEMPATH/CodeIgniter.php(361): CodeIgniter\CodeIgniter->handleRequest(null, Object(Config\Cache), false)
 5 FCPATH/index.php(79): CodeIgniter\CodeIgniter->run()
 6 SYSTEMPATH/Commands/Server/rewrite.php(47): require_once('/Users/aldomarcelino/Documents/Builds/codeigniter/public/index.php')
CRITICAL - 2024-07-04 06:47:35 --> ErrorException: Array to string conversion
in APPPATH/Controllers/ApiController.php on line 135.
 1 APPPATH/Controllers/ApiController.php(135): CodeIgniter\Debug\Exceptions->errorHandler(2, 'Array to string conversion', '/Users/aldomarcelino/Documents/Builds/codeigniter/app/Controllers/ApiController.php', 135)
 2 SYSTEMPATH/CodeIgniter.php(941): App\Controllers\ApiController->monthly()
 3 SYSTEMPATH/CodeIgniter.php(502): CodeIgniter\CodeIgniter->runController(Object(App\Controllers\ApiController))
 4 SYSTEMPATH/CodeIgniter.php(361): CodeIgniter\CodeIgniter->handleRequest(null, Object(Config\Cache), false)
 5 FCPATH/index.php(79): CodeIgniter\CodeIgniter->run()
 6 SYSTEMPATH/Commands/Server/rewrite.php(47): require_once('/Users/aldomarcelino/Documents/Builds/codeigniter/public/index.php')
CRITICAL - 2024-07-04 06:47:35 --> ErrorException: Array to string conversion
in APPPATH/Controllers/ApiController.php on line 135.
 1 APPPATH/Controllers/ApiController.php(135): CodeIgniter\Debug\Exceptions->errorHandler(2, 'Array to string conversion', '/Users/aldomarcelino/Documents/Builds/codeigniter/app/Controllers/ApiController.php', 135)
 2 SYSTEMPATH/CodeIgniter.php(941): App\Controllers\ApiController->monthly()
 3 SYSTEMPATH/CodeIgniter.php(502): CodeIgniter\CodeIgniter->runController(Object(App\Controllers\ApiController))
 4 SYSTEMPATH/CodeIgniter.php(361): CodeIgniter\CodeIgniter->handleRequest(null, Object(Config\Cache), false)
 5 FCPATH/index.php(79): CodeIgniter\CodeIgniter->run()
 6 SYSTEMPATH/Commands/Server/rewrite.php(47): require_once('/Users/aldomarcelino/Documents/Builds/codeigniter/public/index.php')
CRITICAL - 2024-07-04 06:47:35 --> ErrorException: Array to string conversion
in APPPATH/Controllers/ApiController.php on line 135.
 1 APPPATH/Controllers/ApiController.php(135): CodeIgniter\Debug\Exceptions->errorHandler(2, 'Array to string conversion', '/Users/aldomarcelino/Documents/Builds/codeigniter/app/Controllers/ApiController.php', 135)
 2 SYSTEMPATH/CodeIgniter.php(941): App\Controllers\ApiController->monthly()
 3 SYSTEMPATH/CodeIgniter.php(502): CodeIgniter\CodeIgniter->runController(Object(App\Controllers\ApiController))
 4 SYSTEMPATH/CodeIgniter.php(361): CodeIgniter\CodeIgniter->handleRequest(null, Object(Config\Cache), false)
 5 FCPATH/index.php(79): CodeIgniter\CodeIgniter->run()
 6 SYSTEMPATH/Commands/Server/rewrite.php(47): require_once('/Users/aldomarcelino/Documents/Builds/codeigniter/public/index.php')
CRITICAL - 2024-07-04 06:47:36 --> ErrorException: Array to string conversion
in APPPATH/Controllers/ApiController.php on line 135.
 1 APPPATH/Controllers/ApiController.php(135): CodeIgniter\Debug\Exceptions->errorHandler(2, 'Array to string conversion', '/Users/aldomarcelino/Documents/Builds/codeigniter/app/Controllers/ApiController.php', 135)
 2 SYSTEMPATH/CodeIgniter.php(941): App\Controllers\ApiController->monthly()
 3 SYSTEMPATH/CodeIgniter.php(502): CodeIgniter\CodeIgniter->runController(Object(App\Controllers\ApiController))
 4 SYSTEMPATH/CodeIgniter.php(361): CodeIgniter\CodeIgniter->handleRequest(null, Object(Config\Cache), false)
 5 FCPATH/index.php(79): CodeIgniter\CodeIgniter->run()
 6 SYSTEMPATH/Commands/Server/rewrite.php(47): require_once('/Users/aldomarcelino/Documents/Builds/codeigniter/public/index.php')
CRITICAL - 2024-07-04 06:48:43 --> Error: Undefined constant "App\Controllers\jml"
in APPPATH/Controllers/ApiController.php on line 135.
 1 SYSTEMPATH/CodeIgniter.php(941): App\Controllers\ApiController->monthly()
 2 SYSTEMPATH/CodeIgniter.php(502): CodeIgniter\CodeIgniter->runController(Object(App\Controllers\ApiController))
 3 SYSTEMPATH/CodeIgniter.php(361): CodeIgniter\CodeIgniter->handleRequest(null, Object(Config\Cache), false)
 4 FCPATH/index.php(79): CodeIgniter\CodeIgniter->run()
 5 SYSTEMPATH/Commands/Server/rewrite.php(47): require_once('/Users/aldomarcelino/Documents/Builds/codeigniter/public/index.php')
CRITICAL - 2024-07-04 06:48:43 --> Error: Undefined constant "App\Controllers\jml"
in APPPATH/Controllers/ApiController.php on line 135.
 1 SYSTEMPATH/CodeIgniter.php(941): App\Controllers\ApiController->monthly()
 2 SYSTEMPATH/CodeIgniter.php(502): CodeIgniter\CodeIgniter->runController(Object(App\Controllers\ApiController))
 3 SYSTEMPATH/CodeIgniter.php(361): CodeIgniter\CodeIgniter->handleRequest(null, Object(Config\Cache), false)
 4 FCPATH/index.php(79): CodeIgniter\CodeIgniter->run()
 5 SYSTEMPATH/Commands/Server/rewrite.php(47): require_once('/Users/aldomarcelino/Documents/Builds/codeigniter/public/index.php')
INFO - 2024-07-04 06:55:38 --> Session: Class initialized using 'CodeIgniter\Session\Handlers\FileHandler' driver.
CRITICAL - 2024-07-04 06:55:38 --> ErrorException: timezone_open(): Unknown or bad timezone (Indonesia)
in APPPATH/Views/v_profile.php on line 28.
 1 [internal function]: CodeIgniter\Debug\Exceptions->errorHandler(2, 'timezone_open(): Unknown or bad timezone (Indonesia)', '/Users/aldomarcelino/Documents/Builds/codeigniter/app/Views/v_profile.php', 28)
 2 APPPATH/Views/v_profile.php(28): timezone_open('Indonesia')
 3 SYSTEMPATH/View/View.php(228): include('/Users/aldomarcelino/Documents/Builds/codeigniter/app/Views/v_profile.php')
 4 SYSTEMPATH/View/View.php(231): CodeIgniter\View\View->CodeIgniter\View\{closure}()
 5 SYSTEMPATH/Common.php(1178): CodeIgniter\View\View->render('v_profile', [], true)
 6 APPPATH/Controllers/Home.php(59): view('v_profile', [...])
 7 SYSTEMPATH/CodeIgniter.php(941): App\Controllers\Home->profile()
 8 SYSTEMPATH/CodeIgniter.php(502): CodeIgniter\CodeIgniter->runController(Object(App\Controllers\Home))
 9 SYSTEMPATH/CodeIgniter.php(361): CodeIgniter\CodeIgniter->handleRequest(null, Object(Config\Cache), false)
10 FCPATH/index.php(79): CodeIgniter\CodeIgniter->run()
11 SYSTEMPATH/Commands/Server/rewrite.php(47): require_once('/Users/aldomarcelino/Documents/Builds/codeigniter/public/index.php')
INFO - 2024-07-04 06:58:45 --> Session: Class initialized using 'CodeIgniter\Session\Handlers\FileHandler' driver.
CRITICAL - 2024-07-04 06:58:45 --> Error: Object of class DateTime could not be converted to string
in APPPATH/Views/v_profile.php on line 29.
 1 SYSTEMPATH/View/View.php(228): include()
 2 SYSTEMPATH/View/View.php(231): CodeIgniter\View\View->CodeIgniter\View\{closure}()
 3 SYSTEMPATH/Common.php(1178): CodeIgniter\View\View->render('v_profile', [], true)
 4 APPPATH/Controllers/Home.php(59): view('v_profile', [...])
 5 SYSTEMPATH/CodeIgniter.php(941): App\Controllers\Home->profile()
 6 SYSTEMPATH/CodeIgniter.php(502): CodeIgniter\CodeIgniter->runController(Object(App\Controllers\Home))
 7 SYSTEMPATH/CodeIgniter.php(361): CodeIgniter\CodeIgniter->handleRequest(null, Object(Config\Cache), false)
 8 FCPATH/index.php(79): CodeIgniter\CodeIgniter->run()
 9 SYSTEMPATH/Commands/Server/rewrite.php(47): require_once('/Users/aldomarcelino/Documents/Builds/codeigniter/public/index.php')
INFO - 2024-07-04 06:58:47 --> Session: Class initialized using 'CodeIgniter\Session\Handlers\FileHandler' driver.
CRITICAL - 2024-07-04 06:58:47 --> Error: Object of class DateTime could not be converted to string
in APPPATH/Views/v_profile.php on line 29.
 1 SYSTEMPATH/View/View.php(228): include()
 2 SYSTEMPATH/View/View.php(231): CodeIgniter\View\View->CodeIgniter\View\{closure}()
 3 SYSTEMPATH/Common.php(1178): CodeIgniter\View\View->render('v_profile', [], true)
 4 APPPATH/Controllers/Home.php(59): view('v_profile', [...])
 5 SYSTEMPATH/CodeIgniter.php(941): App\Controllers\Home->profile()
 6 SYSTEMPATH/CodeIgniter.php(502): CodeIgniter\CodeIgniter->runController(Object(App\Controllers\Home))
 7 SYSTEMPATH/CodeIgniter.php(361): CodeIgniter\CodeIgniter->handleRequest(null, Object(Config\Cache), false)
 8 FCPATH/index.php(79): CodeIgniter\CodeIgniter->run()
 9 SYSTEMPATH/Commands/Server/rewrite.php(47): require_once('/Users/aldomarcelino/Documents/Builds/codeigniter/public/index.php')
INFO - 2024-07-04 06:58:47 --> Session: Class initialized using 'CodeIgniter\Session\Handlers\FileHandler' driver.
CRITICAL - 2024-07-04 06:58:47 --> Error: Object of class DateTime could not be converted to string
in APPPATH/Views/v_profile.php on line 29.
 1 SYSTEMPATH/View/View.php(228): include()
 2 SYSTEMPATH/View/View.php(231): CodeIgniter\View\View->CodeIgniter\View\{closure}()
 3 SYSTEMPATH/Common.php(1178): CodeIgniter\View\View->render('v_profile', [], true)
 4 APPPATH/Controllers/Home.php(59): view('v_profile', [...])
 5 SYSTEMPATH/CodeIgniter.php(941): App\Controllers\Home->profile()
 6 SYSTEMPATH/CodeIgniter.php(502): CodeIgniter\CodeIgniter->runController(Object(App\Controllers\Home))
 7 SYSTEMPATH/CodeIgniter.php(361): CodeIgniter\CodeIgniter->handleRequest(null, Object(Config\Cache), false)
 8 FCPATH/index.php(79): CodeIgniter\CodeIgniter->run()
 9 SYSTEMPATH/Commands/Server/rewrite.php(47): require_once('/Users/aldomarcelino/Documents/Builds/codeigniter/public/index.php')
INFO - 2024-07-04 06:58:47 --> Session: Class initialized using 'CodeIgniter\Session\Handlers\FileHandler' driver.
CRITICAL - 2024-07-04 06:58:47 --> Error: Object of class DateTime could not be converted to string
in APPPATH/Views/v_profile.php on line 29.
 1 SYSTEMPATH/View/View.php(228): include()
 2 SYSTEMPATH/View/View.php(231): CodeIgniter\View\View->CodeIgniter\View\{closure}()
 3 SYSTEMPATH/Common.php(1178): CodeIgniter\View\View->render('v_profile', [], true)
 4 APPPATH/Controllers/Home.php(59): view('v_profile', [...])
 5 SYSTEMPATH/CodeIgniter.php(941): App\Controllers\Home->profile()
 6 SYSTEMPATH/CodeIgniter.php(502): CodeIgniter\CodeIgniter->runController(Object(App\Controllers\Home))
 7 SYSTEMPATH/CodeIgniter.php(361): CodeIgniter\CodeIgniter->handleRequest(null, Object(Config\Cache), false)
 8 FCPATH/index.php(79): CodeIgniter\CodeIgniter->run()
 9 SYSTEMPATH/Commands/Server/rewrite.php(47): require_once('/Users/aldomarcelino/Documents/Builds/codeigniter/public/index.php')
INFO - 2024-07-04 06:58:47 --> Session: Class initialized using 'CodeIgniter\Session\Handlers\FileHandler' driver.
CRITICAL - 2024-07-04 06:58:47 --> Error: Object of class DateTime could not be converted to string
in APPPATH/Views/v_profile.php on line 29.
 1 SYSTEMPATH/View/View.php(228): include()
 2 SYSTEMPATH/View/View.php(231): CodeIgniter\View\View->CodeIgniter\View\{closure}()
 3 SYSTEMPATH/Common.php(1178): CodeIgniter\View\View->render('v_profile', [], true)
 4 APPPATH/Controllers/Home.php(59): view('v_profile', [...])
 5 SYSTEMPATH/CodeIgniter.php(941): App\Controllers\Home->profile()
 6 SYSTEMPATH/CodeIgniter.php(502): CodeIgniter\CodeIgniter->runController(Object(App\Controllers\Home))
 7 SYSTEMPATH/CodeIgniter.php(361): CodeIgniter\CodeIgniter->handleRequest(null, Object(Config\Cache), false)
 8 FCPATH/index.php(79): CodeIgniter\CodeIgniter->run()
 9 SYSTEMPATH/Commands/Server/rewrite.php(47): require_once('/Users/aldomarcelino/Documents/Builds/codeigniter/public/index.php')
INFO - 2024-07-04 07:00:14 --> Session: Class initialized using 'CodeIgniter\Session\Handlers\FileHandler' driver.
INFO - 2024-07-04 07:01:37 --> Session: Class initialized using 'CodeIgniter\Session\Handlers\FileHandler' driver.
INFO - 2024-07-04 07:06:45 --> Session: Class initialized using 'CodeIgniter\Session\Handlers\FileHandler' driver.
INFO - 2024-07-04 07:06:55 --> Session: Class initialized using 'CodeIgniter\Session\Handlers\FileHandler' driver.
INFO - 2024-07-04 07:07:05 --> Session: Class initialized using 'CodeIgniter\Session\Handlers\FileHandler' driver.
